#
# There is insufficient memory for the Java Runtime Environment to continue.
# Native memory allocation (malloc) failed to allocate 1885936 bytes. Error detail: Chunk::new
# Possible reasons:
#   The system is out of physical RAM or swap space
#   This process is running with CompressedOops enabled, and the Java Heap may be blocking the growth of the native heap
# Possible solutions:
#   Reduce memory load on the system
#   Increase physical memory or swap space
#   Check if swap backing store is full
#   Decrease Java heap size (-Xmx/-Xms)
#   Decrease number of Java threads
#   Decrease Java thread stack sizes (-Xss)
#   Set larger code cache with -XX:ReservedCodeCacheSize=
#   JVM is running with Unscaled Compressed Oops mode in which the Java heap is
#     placed in the first 4GB address space. The Java Heap base address is the
#     maximum limit for the native heap growth. Please use -XX:HeapBaseMinAddress
#     to set the Java Heap base and to place the Java Heap above 4GB virtual address.
# This output file may be truncated or incomplete.
#
#  Out of Memory Error (arena.cpp:150), pid=8148, tid=6552
#
# JRE version: OpenJDK Runtime Environment (22.0.2+9) (build 22.0.2+9-70)
# Java VM: OpenJDK 64-Bit Server VM (22.0.2+9-70, mixed mode, sharing, tiered, compressed oops, compressed class ptrs, g1 gc, windows-amd64)
# No core dump will be written. Minidumps are not enabled by default on client versions of Windows
#

---------------  S U M M A R Y ------------

Command Line: --add-opens=java.base/java.lang=ALL-UNNAMED --add-opens=java.base/java.lang.invoke=ALL-UNNAMED --add-opens=java.base/java.util=ALL-UNNAMED --add-opens=java.prefs/java.util.prefs=ALL-UNNAMED --add-exports=jdk.compiler/com.sun.tools.javac.api=ALL-UNNAMED --add-exports=jdk.compiler/com.sun.tools.javac.util=ALL-UNNAMED --add-opens=java.base/java.util=ALL-UNNAMED --add-opens=java.prefs/java.util.prefs=ALL-UNNAMED --add-opens=java.base/java.nio.charset=ALL-UNNAMED --add-opens=java.base/java.net=ALL-UNNAMED --add-opens=java.base/java.util.concurrent.atomic=ALL-UNNAMED --add-opens=java.xml/javax.xml.namespace=ALL-UNNAMED -XX:MaxMetaspaceSize=384m -XX:+HeapDumpOnOutOfMemoryError -Xms256m -Xmx512m -Dfile.encoding=windows-1252 -Duser.country=US -Duser.language=en -Duser.variant -javaagent:C:\gradle-8.12\lib\agents\gradle-instrumentation-agent-8.12.jar org.gradle.launcher.daemon.bootstrap.GradleDaemon 8.12

Host: 12th Gen Intel(R) Core(TM) i7-1260P, 16 cores, 15G,  Windows 11 , 64 bit Build 22621 (10.0.22621.5124)
Time: Sun Apr 27 23:59:30 2025 SE Asia Standard Time elapsed time: 4.202998 seconds (0d 0h 0m 4s)

---------------  T H R E A D  ---------------

Current thread (0x000002a9a94bb590):  JavaThread "C2 CompilerThread1" daemon [_thread_in_native, id=6552, stack(0x000000dc48400000,0x000000dc48500000) (1024K)]


Current CompileTask:
C2:4203 3667   !   4       java.lang.ClassLoader::loadClass (121 bytes)

Stack: [0x000000dc48400000,0x000000dc48500000]
Native frames: (J=compiled Java code, j=interpreted, Vv=VM code, C=native code)
V  [jvm.dll+0x6e26e9]  (no source info available)
V  [jvm.dll+0x875753]  (no source info available)
V  [jvm.dll+0x877b7e]  (no source info available)
V  [jvm.dll+0x878253]  (no source info available)
V  [jvm.dll+0x27fc86]  (no source info available)
V  [jvm.dll+0xc3d0f]  (no source info available)
V  [jvm.dll+0xc3f6b]  (no source info available)
V  [jvm.dll+0x3bb442]  (no source info available)
V  [jvm.dll+0x387d4b]  (no source info available)
V  [jvm.dll+0x3871ba]  (no source info available)
V  [jvm.dll+0x2477f8]  (no source info available)
V  [jvm.dll+0x246e9f]  (no source info available)
V  [jvm.dll+0x1c4e80]  (no source info available)
V  [jvm.dll+0x2568f3]  (no source info available)
V  [jvm.dll+0x254baa]  (no source info available)
V  [jvm.dll+0x3f57a6]  (no source info available)
V  [jvm.dll+0x81dc0b]  (no source info available)
V  [jvm.dll+0x6e0d85]  (no source info available)
C  [ucrtbase.dll+0x29333]  (no source info available)
C  [KERNEL32.DLL+0x1259d]  (no source info available)
C  [ntdll.dll+0x5af38]  (no source info available)


---------------  P R O C E S S  ---------------

Threads class SMR info:
_java_thread_list=0x000002a9ac225bb0, length=38, elements={
0x000002a9efe46b90, 0x000002a9fc3a1b10, 0x000002a9fc3a2a30, 0x000002a9fc3a4800,
0x000002a9fc3a5460, 0x000002a9fc3a7ed0, 0x000002a9fc3a8930, 0x000002a9fc3a9390,
0x000002a9fc3a9e40, 0x000002a9fc3de360, 0x000002a9a414feb0, 0x000002a9a417ee10,
0x000002a9a434c570, 0x000002a9a94bbc60, 0x000002a9a9fce5c0, 0x000002a9aa13db60,
0x000002a9aa458b90, 0x000002a9aa356770, 0x000002a9aa357760, 0x000002a9aa319450,
0x000002a9aa31a570, 0x000002a9aa31ac00, 0x000002a9aa31b290, 0x000002a9aa319ee0,
0x000002a9aa5be930, 0x000002a9aa5bdc10, 0x000002a9aa5be2a0, 0x000002a9aa5befc0,
0x000002a9aa5ba790, 0x000002a9aa5bb4b0, 0x000002a9aa5bcef0, 0x000002a9aa5bd580,
0x000002a9a94bb590, 0x000002a9aa5bf650, 0x000002a9aa5bfce0, 0x000002a9a94ba120,
0x000002a9a94bc330, 0x000002a9a94b9a50
}

Java Threads: ( => current thread )
  0x000002a9efe46b90 JavaThread "main"                              [_thread_blocked, id=9048, stack(0x000000dc47100000,0x000000dc47200000) (1024K)]
  0x000002a9fc3a1b10 JavaThread "Reference Handler"          daemon [_thread_blocked, id=21104, stack(0x000000dc47900000,0x000000dc47a00000) (1024K)]
  0x000002a9fc3a2a30 JavaThread "Finalizer"                  daemon [_thread_blocked, id=6448, stack(0x000000dc47a00000,0x000000dc47b00000) (1024K)]
  0x000002a9fc3a4800 JavaThread "Signal Dispatcher"          daemon [_thread_blocked, id=6704, stack(0x000000dc47b00000,0x000000dc47c00000) (1024K)]
  0x000002a9fc3a5460 JavaThread "Attach Listener"            daemon [_thread_blocked, id=19672, stack(0x000000dc47c00000,0x000000dc47d00000) (1024K)]
  0x000002a9fc3a7ed0 JavaThread "Service Thread"             daemon [_thread_blocked, id=13896, stack(0x000000dc47d00000,0x000000dc47e00000) (1024K)]
  0x000002a9fc3a8930 JavaThread "Monitor Deflation Thread"   daemon [_thread_blocked, id=16132, stack(0x000000dc47e00000,0x000000dc47f00000) (1024K)]
  0x000002a9fc3a9390 JavaThread "C2 CompilerThread0"         daemon [_thread_in_native, id=4892, stack(0x000000dc47f00000,0x000000dc48000000) (1024K)]
  0x000002a9fc3a9e40 JavaThread "C1 CompilerThread0"         daemon [_thread_blocked, id=4460, stack(0x000000dc48000000,0x000000dc48100000) (1024K)]
  0x000002a9fc3de360 JavaThread "C1 CompilerThread1"         daemon [_thread_blocked, id=14928, stack(0x000000dc48100000,0x000000dc48200000) (1024K)]
  0x000002a9a414feb0 JavaThread "C1 CompilerThread2"         daemon [_thread_blocked, id=13540, stack(0x000000dc48200000,0x000000dc48300000) (1024K)]
  0x000002a9a417ee10 JavaThread "Common-Cleaner"             daemon [_thread_blocked, id=9892, stack(0x000000dc48300000,0x000000dc48400000) (1024K)]
  0x000002a9a434c570 JavaThread "Notification Thread"        daemon [_thread_blocked, id=6372, stack(0x000000dc48600000,0x000000dc48700000) (1024K)]
  0x000002a9a94bbc60 JavaThread "C1 CompilerThread3"         daemon [_thread_blocked, id=1356, stack(0x000000dc48e00000,0x000000dc48f00000) (1024K)]
  0x000002a9a9fce5c0 JavaThread "Daemon health stats"               [_thread_blocked, id=16828, stack(0x000000dc48800000,0x000000dc48900000) (1024K)]
  0x000002a9aa13db60 JavaThread "Incoming local TCP Connector on port 57953"        [_thread_in_native, id=21192, stack(0x000000dc48f00000,0x000000dc49000000) (1024K)]
  0x000002a9aa458b90 JavaThread "Daemon periodic checks"            [_thread_blocked, id=17836, stack(0x000000dc49000000,0x000000dc49100000) (1024K)]
  0x000002a9aa356770 JavaThread "Daemon"                            [_thread_blocked, id=4428, stack(0x000000dc49100000,0x000000dc49200000) (1024K)]
  0x000002a9aa357760 JavaThread "Handler for socket connection from /127.0.0.1:57953 to /127.0.0.1:57954"        [_thread_in_native, id=3032, stack(0x000000dc49200000,0x000000dc49300000) (1024K)]
  0x000002a9aa319450 JavaThread "Cancel handler"                    [_thread_blocked, id=8268, stack(0x000000dc49300000,0x000000dc49400000) (1024K)]
  0x000002a9aa31a570 JavaThread "Daemon worker"                     [_thread_in_vm, id=19356, stack(0x000000dc49400000,0x000000dc49500000) (1024K)]
  0x000002a9aa31ac00 JavaThread "Asynchronous log dispatcher for DefaultDaemonConnection: socket connection from /127.0.0.1:57953 to /127.0.0.1:57954"        [_thread_blocked, id=20964, stack(0x000000dc49500000,0x000000dc49600000) (1024K)]
  0x000002a9aa31b290 JavaThread "Stdin handler"                     [_thread_blocked, id=8888, stack(0x000000dc49600000,0x000000dc49700000) (1024K)]
  0x000002a9aa319ee0 JavaThread "Daemon client event forwarder"        [_thread_blocked, id=16000, stack(0x000000dc49700000,0x000000dc49800000) (1024K)]
  0x000002a9aa5be930 JavaThread "Cache worker for journal cache (C:\Users\HP\.gradle\caches\journal-1)"        [_thread_blocked, id=20208, stack(0x000000dc48700000,0x000000dc48800000) (1024K)]
  0x000002a9aa5bdc10 JavaThread "File lock request listener"        [_thread_in_native, id=4724, stack(0x000000dc49800000,0x000000dc49900000) (1024K)]
  0x000002a9aa5be2a0 JavaThread "Cache worker for file hash cache (C:\Users\HP\.gradle\caches\8.12\fileHashes)"        [_thread_blocked, id=5940, stack(0x000000dc49900000,0x000000dc49a00000) (1024K)]
  0x000002a9aa5befc0 JavaThread "File lock release action executor"        [_thread_blocked, id=15576, stack(0x000000dc49a00000,0x000000dc49b00000) (1024K)]
  0x000002a9aa5ba790 JavaThread "Cache worker for file hash cache (D:\Dai_hoc\Cac_mon_hoc\Ky_6\Phan_tan\Tai_lieu\DreamLand\.gradle\8.12\fileHashes)"        [_thread_blocked, id=1604, stack(0x000000dc4a300000,0x000000dc4a400000) (1024K)]
  0x000002a9aa5bb4b0 JavaThread "Cache worker for Build Output Cleanup Cache (D:\Dai_hoc\Cac_mon_hoc\Ky_6\Phan_tan\Tai_lieu\DreamLand\.gradle\buildOutputCleanup)"        [_thread_blocked, id=18564, stack(0x000000dc4a400000,0x000000dc4a500000) (1024K)]
  0x000002a9aa5bcef0 JavaThread "File watcher server"        daemon [_thread_in_native, id=13384, stack(0x000000dc4a500000,0x000000dc4a600000) (1024K)]
  0x000002a9aa5bd580 JavaThread "File watcher consumer"      daemon [_thread_blocked, id=9668, stack(0x000000dc4a600000,0x000000dc4a700000) (1024K)]
=>0x000002a9a94bb590 JavaThread "C2 CompilerThread1"         daemon [_thread_in_native, id=6552, stack(0x000000dc48400000,0x000000dc48500000) (1024K)]
  0x000002a9aa5bf650 JavaThread "jar transforms"                    [_thread_blocked, id=6856, stack(0x000000dc4a700000,0x000000dc4a800000) (1024K)]
  0x000002a9aa5bfce0 JavaThread "jar transforms Thread 2"           [_thread_blocked, id=14912, stack(0x000000dc4a800000,0x000000dc4a900000) (1024K)]
  0x000002a9a94ba120 JavaThread "C2 CompilerThread2"         daemon [_thread_blocked, id=20104, stack(0x000000dc4a900000,0x000000dc4aa00000) (1024K)]
  0x000002a9a94bc330 JavaThread "C2 CompilerThread3"         daemon [_thread_in_native, id=20940, stack(0x000000dc4aa00000,0x000000dc4ab00000) (1024K)]
  0x000002a9a94b9a50 JavaThread "C2 CompilerThread4"         daemon [_thread_in_native, id=13848, stack(0x000000dc4ab00000,0x000000dc4ac00000) (1024K)]
Total: 38

Other Threads:
  0x000002a9fc386820 VMThread "VM Thread"                           [id=12280, stack(0x000000dc47800000,0x000000dc47900000) (1024K)]
  0x000002a9fc373ed0 WatcherThread "VM Periodic Task Thread"        [id=15436, stack(0x000000dc47700000,0x000000dc47800000) (1024K)]
  0x000002a9efe71380 WorkerThread "GC Thread#0"                     [id=19312, stack(0x000000dc47200000,0x000000dc47300000) (1024K)]
  0x000002a9a4777480 WorkerThread "GC Thread#1"                     [id=20540, stack(0x000000dc48900000,0x000000dc48a00000) (1024K)]
  0x000002a9a4777830 WorkerThread "GC Thread#2"                     [id=20576, stack(0x000000dc48a00000,0x000000dc48b00000) (1024K)]
  0x000002a9a4777be0 WorkerThread "GC Thread#3"                     [id=4148, stack(0x000000dc48b00000,0x000000dc48c00000) (1024K)]
  0x000002a9a4be6700 WorkerThread "GC Thread#4"                     [id=9476, stack(0x000000dc48c00000,0x000000dc48d00000) (1024K)]
  0x000002a9a4be6ab0 WorkerThread "GC Thread#5"                     [id=5356, stack(0x000000dc48d00000,0x000000dc48e00000) (1024K)]
  0x000002a9aa4de930 WorkerThread "GC Thread#6"                     [id=10796, stack(0x000000dc48500000,0x000000dc48600000) (1024K)]
  0x000002a9aa4dece0 WorkerThread "GC Thread#7"                     [id=12984, stack(0x000000dc49b00000,0x000000dc49c00000) (1024K)]
  0x000002a9aa6b4d90 WorkerThread "GC Thread#8"                     [id=18412, stack(0x000000dc49c00000,0x000000dc49d00000) (1024K)]
  0x000002a9aa6b7d80 WorkerThread "GC Thread#9"                     [id=19508, stack(0x000000dc49d00000,0x000000dc49e00000) (1024K)]
  0x000002a9aa6b58a0 WorkerThread "GC Thread#10"                    [id=2276, stack(0x000000dc49e00000,0x000000dc49f00000) (1024K)]
  0x000002a9aa6b5140 WorkerThread "GC Thread#11"                    [id=15224, stack(0x000000dc49f00000,0x000000dc4a000000) (1024K)]
  0x000002a9aa6b8130 WorkerThread "GC Thread#12"                    [id=9496, stack(0x000000dc4a000000,0x000000dc4a100000) (1024K)]
  0x000002a9efe77380 ConcurrentGCThread "G1 Main Marker"            [id=18624, stack(0x000000dc47300000,0x000000dc47400000) (1024K)]
  0x000002a9efe77e90 WorkerThread "G1 Conc#0"                       [id=2552, stack(0x000000dc47400000,0x000000dc47500000) (1024K)]
  0x000002a9aa6b63b0 WorkerThread "G1 Conc#1"                       [id=11316, stack(0x000000dc4a100000,0x000000dc4a200000) (1024K)]
  0x000002a9aa6b84e0 WorkerThread "G1 Conc#2"                       [id=15016, stack(0x000000dc4a200000,0x000000dc4a300000) (1024K)]
  0x000002a9fc2ca760 ConcurrentGCThread "G1 Refine#0"               [id=21364, stack(0x000000dc47500000,0x000000dc47600000) (1024K)]
  0x000002a9fc2cb2e0 ConcurrentGCThread "G1 Service"                [id=19328, stack(0x000000dc47600000,0x000000dc47700000) (1024K)]
Total: 21

Threads with active compile tasks:
C2 CompilerThread0  4286 3694   !   4       java.net.URLClassLoader::findClass (47 bytes)
C2 CompilerThread1  4286 3667   !   4       java.lang.ClassLoader::loadClass (121 bytes)
C2 CompilerThread3  4286 3725       4       java.net.URLClassLoader$1::run (5 bytes)
C2 CompilerThread4  4286 3695   !   4       java.net.URLClassLoader$1::run (81 bytes)
Total: 4

VM state: not at safepoint (normal execution)

VM Mutex/Monitor currently owned by a thread:  ([mutex/lock_event])
[0x00007ff8b923ab00] Metaspace_lock - owner thread: 0x000002a9aa31a570
[0x00007ff8b923b880] MultiArray_lock - owner thread: 0x000002a9aa31a570

Heap address: 0x00000000e0000000, size: 512 MB, Compressed Oops mode: 32-bit

CDS archive(s) mapped at: [0x000002a98f000000-0x000002a98fc60000-0x000002a98fc60000), size 12976128, SharedBaseAddress: 0x000002a98f000000, ArchiveRelocationMode: 1.
Compressed class space mapped at: 0x000002a990000000-0x000002a9a4000000, reserved size: 335544320
Narrow klass base: 0x000002a98f000000, Narrow klass shift: 0, Narrow klass range: 0x15000000

GC Precious Log:
 CardTable entry size: 512
 Card Set container configuration: InlinePtr #cards 5 size 8 Array Of Cards #cards 12 size 40 Howl #buckets 4 coarsen threshold 1843 Howl Bitmap #cards 512 size 80 coarsen threshold 460 Card regions per heap region 1 cards per card region 2048
 CPUs: 16 total, 16 available
 Memory: 16052M
 Large Page Support: Disabled
 NUMA Support: Disabled
 Compressed Oops: Enabled (32-bit)
 Heap Region Size: 1M
 Heap Min Capacity: 256M
 Heap Initial Capacity: 256M
 Heap Max Capacity: 512M
 Pre-touch: Disabled
 Parallel Workers: 13
 Concurrent Workers: 3
 Concurrent Refinement Workers: 13
 Periodic GC: Disabled

Heap:
 garbage-first heap   total reserved 524288K, committed 262144K, used 78436K [0x00000000e0000000, 0x0000000100000000)
  region size 1024K, 68 young (69632K), 13 survivors (13312K)
 Metaspace       used 29138K, committed 30080K, reserved 393216K
  class space    used 4327K, committed 4736K, reserved 327680K

Heap Regions: E=young(eden), S=young(survivor), O=old, HS=humongous(starts), HC=humongous(continues), CS=collection set, F=free, TAMS=top-at-mark-start, PB=parsable bottom
|   0|0x00000000e0000000, 0x00000000e0100000, 0x00000000e0100000|100%|HS|  |TAMS 0x00000000e0000000| PB 0x00000000e0000000| Complete |  0
|   1|0x00000000e0100000, 0x00000000e0200000, 0x00000000e0200000|100%|HC|  |TAMS 0x00000000e0100000| PB 0x00000000e0100000| Complete |  0
|   2|0x00000000e0200000, 0x00000000e0300000, 0x00000000e0300000|100%|HC|  |TAMS 0x00000000e0200000| PB 0x00000000e0200000| Complete |  0
|   3|0x00000000e0300000, 0x00000000e0400000, 0x00000000e0400000|100%| O|Cm|TAMS 0x00000000e0300000| PB 0x00000000e0300000| Complete |  0
|   4|0x00000000e0400000, 0x00000000e0500000, 0x00000000e0500000|100%| O|  |TAMS 0x00000000e0400000| PB 0x00000000e0400000| Untracked |  0
|   5|0x00000000e0500000, 0x00000000e0600000, 0x00000000e0600000|100%| O|  |TAMS 0x00000000e0500000| PB 0x00000000e0500000| Untracked |  0
|   6|0x00000000e0600000, 0x00000000e0700000, 0x00000000e0700000|100%| O|  |TAMS 0x00000000e0600000| PB 0x00000000e0600000| Untracked |  0
|   7|0x00000000e0700000, 0x00000000e0800000, 0x00000000e0800000|100%| O|  |TAMS 0x00000000e0700000| PB 0x00000000e0700000| Untracked |  0
|   8|0x00000000e0800000, 0x00000000e0900000, 0x00000000e0900000|100%| O|  |TAMS 0x00000000e0800000| PB 0x00000000e0800000| Untracked |  0
|   9|0x00000000e0900000, 0x00000000e09bcbe8, 0x00000000e0a00000| 73%| O|  |TAMS 0x00000000e0900000| PB 0x00000000e0900000| Untracked |  0
|  10|0x00000000e0a00000, 0x00000000e0b00000, 0x00000000e0b00000|100%|HS|  |TAMS 0x00000000e0a00000| PB 0x00000000e0a00000| Complete |  0
|  11|0x00000000e0b00000, 0x00000000e0b00000, 0x00000000e0c00000|  0%| F|  |TAMS 0x00000000e0b00000| PB 0x00000000e0b00000| Untracked |  0
|  12|0x00000000e0c00000, 0x00000000e0c00000, 0x00000000e0d00000|  0%| F|  |TAMS 0x00000000e0c00000| PB 0x00000000e0c00000| Untracked |  0
|  13|0x00000000e0d00000, 0x00000000e0d00000, 0x00000000e0e00000|  0%| F|  |TAMS 0x00000000e0d00000| PB 0x00000000e0d00000| Untracked |  0
|  14|0x00000000e0e00000, 0x00000000e0e00000, 0x00000000e0f00000|  0%| F|  |TAMS 0x00000000e0e00000| PB 0x00000000e0e00000| Untracked |  0
|  15|0x00000000e0f00000, 0x00000000e0f00000, 0x00000000e1000000|  0%| F|  |TAMS 0x00000000e0f00000| PB 0x00000000e0f00000| Untracked |  0
|  16|0x00000000e1000000, 0x00000000e1000000, 0x00000000e1100000|  0%| F|  |TAMS 0x00000000e1000000| PB 0x00000000e1000000| Untracked |  0
|  17|0x00000000e1100000, 0x00000000e1100000, 0x00000000e1200000|  0%| F|  |TAMS 0x00000000e1100000| PB 0x00000000e1100000| Untracked |  0
|  18|0x00000000e1200000, 0x00000000e1200000, 0x00000000e1300000|  0%| F|  |TAMS 0x00000000e1200000| PB 0x00000000e1200000| Untracked |  0
|  19|0x00000000e1300000, 0x00000000e1300000, 0x00000000e1400000|  0%| F|  |TAMS 0x00000000e1300000| PB 0x00000000e1300000| Untracked |  0
|  20|0x00000000e1400000, 0x00000000e1400000, 0x00000000e1500000|  0%| F|  |TAMS 0x00000000e1400000| PB 0x00000000e1400000| Untracked |  0
|  21|0x00000000e1500000, 0x00000000e1500000, 0x00000000e1600000|  0%| F|  |TAMS 0x00000000e1500000| PB 0x00000000e1500000| Untracked |  0
|  22|0x00000000e1600000, 0x00000000e1600000, 0x00000000e1700000|  0%| F|  |TAMS 0x00000000e1600000| PB 0x00000000e1600000| Untracked |  0
|  23|0x00000000e1700000, 0x00000000e1700000, 0x00000000e1800000|  0%| F|  |TAMS 0x00000000e1700000| PB 0x00000000e1700000| Untracked |  0
|  24|0x00000000e1800000, 0x00000000e1800000, 0x00000000e1900000|  0%| F|  |TAMS 0x00000000e1800000| PB 0x00000000e1800000| Untracked |  0
|  25|0x00000000e1900000, 0x00000000e1900000, 0x00000000e1a00000|  0%| F|  |TAMS 0x00000000e1900000| PB 0x00000000e1900000| Untracked |  0
|  26|0x00000000e1a00000, 0x00000000e1a00000, 0x00000000e1b00000|  0%| F|  |TAMS 0x00000000e1a00000| PB 0x00000000e1a00000| Untracked |  0
|  27|0x00000000e1b00000, 0x00000000e1b00000, 0x00000000e1c00000|  0%| F|  |TAMS 0x00000000e1b00000| PB 0x00000000e1b00000| Untracked |  0
|  28|0x00000000e1c00000, 0x00000000e1c00000, 0x00000000e1d00000|  0%| F|  |TAMS 0x00000000e1c00000| PB 0x00000000e1c00000| Untracked |  0
|  29|0x00000000e1d00000, 0x00000000e1d00000, 0x00000000e1e00000|  0%| F|  |TAMS 0x00000000e1d00000| PB 0x00000000e1d00000| Untracked |  0
|  30|0x00000000e1e00000, 0x00000000e1e00000, 0x00000000e1f00000|  0%| F|  |TAMS 0x00000000e1e00000| PB 0x00000000e1e00000| Untracked |  0
|  31|0x00000000e1f00000, 0x00000000e1f00000, 0x00000000e2000000|  0%| F|  |TAMS 0x00000000e1f00000| PB 0x00000000e1f00000| Untracked |  0
|  32|0x00000000e2000000, 0x00000000e2000000, 0x00000000e2100000|  0%| F|  |TAMS 0x00000000e2000000| PB 0x00000000e2000000| Untracked |  0
|  33|0x00000000e2100000, 0x00000000e2100000, 0x00000000e2200000|  0%| F|  |TAMS 0x00000000e2100000| PB 0x00000000e2100000| Untracked |  0
|  34|0x00000000e2200000, 0x00000000e2200000, 0x00000000e2300000|  0%| F|  |TAMS 0x00000000e2200000| PB 0x00000000e2200000| Untracked |  0
|  35|0x00000000e2300000, 0x00000000e2300000, 0x00000000e2400000|  0%| F|  |TAMS 0x00000000e2300000| PB 0x00000000e2300000| Untracked |  0
|  36|0x00000000e2400000, 0x00000000e2400000, 0x00000000e2500000|  0%| F|  |TAMS 0x00000000e2400000| PB 0x00000000e2400000| Untracked |  0
|  37|0x00000000e2500000, 0x00000000e2500000, 0x00000000e2600000|  0%| F|  |TAMS 0x00000000e2500000| PB 0x00000000e2500000| Untracked |  0
|  38|0x00000000e2600000, 0x00000000e2600000, 0x00000000e2700000|  0%| F|  |TAMS 0x00000000e2600000| PB 0x00000000e2600000| Untracked |  0
|  39|0x00000000e2700000, 0x00000000e2700000, 0x00000000e2800000|  0%| F|  |TAMS 0x00000000e2700000| PB 0x00000000e2700000| Untracked |  0
|  40|0x00000000e2800000, 0x00000000e2800000, 0x00000000e2900000|  0%| F|  |TAMS 0x00000000e2800000| PB 0x00000000e2800000| Untracked |  0
|  41|0x00000000e2900000, 0x00000000e2900000, 0x00000000e2a00000|  0%| F|  |TAMS 0x00000000e2900000| PB 0x00000000e2900000| Untracked |  0
|  42|0x00000000e2a00000, 0x00000000e2a00000, 0x00000000e2b00000|  0%| F|  |TAMS 0x00000000e2a00000| PB 0x00000000e2a00000| Untracked |  0
|  43|0x00000000e2b00000, 0x00000000e2b00000, 0x00000000e2c00000|  0%| F|  |TAMS 0x00000000e2b00000| PB 0x00000000e2b00000| Untracked |  0
|  44|0x00000000e2c00000, 0x00000000e2c00000, 0x00000000e2d00000|  0%| F|  |TAMS 0x00000000e2c00000| PB 0x00000000e2c00000| Untracked |  0
|  45|0x00000000e2d00000, 0x00000000e2d00000, 0x00000000e2e00000|  0%| F|  |TAMS 0x00000000e2d00000| PB 0x00000000e2d00000| Untracked |  0
|  46|0x00000000e2e00000, 0x00000000e2e00000, 0x00000000e2f00000|  0%| F|  |TAMS 0x00000000e2e00000| PB 0x00000000e2e00000| Untracked |  0
|  47|0x00000000e2f00000, 0x00000000e2f00000, 0x00000000e3000000|  0%| F|  |TAMS 0x00000000e2f00000| PB 0x00000000e2f00000| Untracked |  0
|  48|0x00000000e3000000, 0x00000000e3000000, 0x00000000e3100000|  0%| F|  |TAMS 0x00000000e3000000| PB 0x00000000e3000000| Untracked |  0
|  49|0x00000000e3100000, 0x00000000e3100000, 0x00000000e3200000|  0%| F|  |TAMS 0x00000000e3100000| PB 0x00000000e3100000| Untracked |  0
|  50|0x00000000e3200000, 0x00000000e3200000, 0x00000000e3300000|  0%| F|  |TAMS 0x00000000e3200000| PB 0x00000000e3200000| Untracked |  0
|  51|0x00000000e3300000, 0x00000000e3300000, 0x00000000e3400000|  0%| F|  |TAMS 0x00000000e3300000| PB 0x00000000e3300000| Untracked |  0
|  52|0x00000000e3400000, 0x00000000e3400000, 0x00000000e3500000|  0%| F|  |TAMS 0x00000000e3400000| PB 0x00000000e3400000| Untracked |  0
|  53|0x00000000e3500000, 0x00000000e3500000, 0x00000000e3600000|  0%| F|  |TAMS 0x00000000e3500000| PB 0x00000000e3500000| Untracked |  0
|  54|0x00000000e3600000, 0x00000000e3600000, 0x00000000e3700000|  0%| F|  |TAMS 0x00000000e3600000| PB 0x00000000e3600000| Untracked |  0
|  55|0x00000000e3700000, 0x00000000e3700000, 0x00000000e3800000|  0%| F|  |TAMS 0x00000000e3700000| PB 0x00000000e3700000| Untracked |  0
|  56|0x00000000e3800000, 0x00000000e3800000, 0x00000000e3900000|  0%| F|  |TAMS 0x00000000e3800000| PB 0x00000000e3800000| Untracked |  0
|  57|0x00000000e3900000, 0x00000000e3900000, 0x00000000e3a00000|  0%| F|  |TAMS 0x00000000e3900000| PB 0x00000000e3900000| Untracked |  0
|  58|0x00000000e3a00000, 0x00000000e3a00000, 0x00000000e3b00000|  0%| F|  |TAMS 0x00000000e3a00000| PB 0x00000000e3a00000| Untracked |  0
|  59|0x00000000e3b00000, 0x00000000e3b00000, 0x00000000e3c00000|  0%| F|  |TAMS 0x00000000e3b00000| PB 0x00000000e3b00000| Untracked |  0
|  60|0x00000000e3c00000, 0x00000000e3c00000, 0x00000000e3d00000|  0%| F|  |TAMS 0x00000000e3c00000| PB 0x00000000e3c00000| Untracked |  0
|  61|0x00000000e3d00000, 0x00000000e3d00000, 0x00000000e3e00000|  0%| F|  |TAMS 0x00000000e3d00000| PB 0x00000000e3d00000| Untracked |  0
|  62|0x00000000e3e00000, 0x00000000e3e00000, 0x00000000e3f00000|  0%| F|  |TAMS 0x00000000e3e00000| PB 0x00000000e3e00000| Untracked |  0
|  63|0x00000000e3f00000, 0x00000000e3f00000, 0x00000000e4000000|  0%| F|  |TAMS 0x00000000e3f00000| PB 0x00000000e3f00000| Untracked |  0
|  64|0x00000000e4000000, 0x00000000e4000000, 0x00000000e4100000|  0%| F|  |TAMS 0x00000000e4000000| PB 0x00000000e4000000| Untracked |  0
|  65|0x00000000e4100000, 0x00000000e4100000, 0x00000000e4200000|  0%| F|  |TAMS 0x00000000e4100000| PB 0x00000000e4100000| Untracked |  0
|  66|0x00000000e4200000, 0x00000000e4200000, 0x00000000e4300000|  0%| F|  |TAMS 0x00000000e4200000| PB 0x00000000e4200000| Untracked |  0
|  67|0x00000000e4300000, 0x00000000e4300000, 0x00000000e4400000|  0%| F|  |TAMS 0x00000000e4300000| PB 0x00000000e4300000| Untracked |  0
|  68|0x00000000e4400000, 0x00000000e4400000, 0x00000000e4500000|  0%| F|  |TAMS 0x00000000e4400000| PB 0x00000000e4400000| Untracked |  0
|  69|0x00000000e4500000, 0x00000000e4500000, 0x00000000e4600000|  0%| F|  |TAMS 0x00000000e4500000| PB 0x00000000e4500000| Untracked |  0
|  70|0x00000000e4600000, 0x00000000e4600000, 0x00000000e4700000|  0%| F|  |TAMS 0x00000000e4600000| PB 0x00000000e4600000| Untracked |  0
|  71|0x00000000e4700000, 0x00000000e4700000, 0x00000000e4800000|  0%| F|  |TAMS 0x00000000e4700000| PB 0x00000000e4700000| Untracked |  0
|  72|0x00000000e4800000, 0x00000000e4800000, 0x00000000e4900000|  0%| F|  |TAMS 0x00000000e4800000| PB 0x00000000e4800000| Untracked |  0
|  73|0x00000000e4900000, 0x00000000e4900000, 0x00000000e4a00000|  0%| F|  |TAMS 0x00000000e4900000| PB 0x00000000e4900000| Untracked |  0
|  74|0x00000000e4a00000, 0x00000000e4a00000, 0x00000000e4b00000|  0%| F|  |TAMS 0x00000000e4a00000| PB 0x00000000e4a00000| Untracked |  0
|  75|0x00000000e4b00000, 0x00000000e4b00000, 0x00000000e4c00000|  0%| F|  |TAMS 0x00000000e4b00000| PB 0x00000000e4b00000| Untracked |  0
|  76|0x00000000e4c00000, 0x00000000e4c00000, 0x00000000e4d00000|  0%| F|  |TAMS 0x00000000e4c00000| PB 0x00000000e4c00000| Untracked |  0
|  77|0x00000000e4d00000, 0x00000000e4d00000, 0x00000000e4e00000|  0%| F|  |TAMS 0x00000000e4d00000| PB 0x00000000e4d00000| Untracked |  0
|  78|0x00000000e4e00000, 0x00000000e4e00000, 0x00000000e4f00000|  0%| F|  |TAMS 0x00000000e4e00000| PB 0x00000000e4e00000| Untracked |  0
|  79|0x00000000e4f00000, 0x00000000e4f00000, 0x00000000e5000000|  0%| F|  |TAMS 0x00000000e4f00000| PB 0x00000000e4f00000| Untracked |  0
|  80|0x00000000e5000000, 0x00000000e5000000, 0x00000000e5100000|  0%| F|  |TAMS 0x00000000e5000000| PB 0x00000000e5000000| Untracked |  0
|  81|0x00000000e5100000, 0x00000000e5100000, 0x00000000e5200000|  0%| F|  |TAMS 0x00000000e5100000| PB 0x00000000e5100000| Untracked |  0
|  82|0x00000000e5200000, 0x00000000e5200000, 0x00000000e5300000|  0%| F|  |TAMS 0x00000000e5200000| PB 0x00000000e5200000| Untracked |  0
|  83|0x00000000e5300000, 0x00000000e5300000, 0x00000000e5400000|  0%| F|  |TAMS 0x00000000e5300000| PB 0x00000000e5300000| Untracked |  0
|  84|0x00000000e5400000, 0x00000000e5400000, 0x00000000e5500000|  0%| F|  |TAMS 0x00000000e5400000| PB 0x00000000e5400000| Untracked |  0
|  85|0x00000000e5500000, 0x00000000e5500000, 0x00000000e5600000|  0%| F|  |TAMS 0x00000000e5500000| PB 0x00000000e5500000| Untracked |  0
|  86|0x00000000e5600000, 0x00000000e5600000, 0x00000000e5700000|  0%| F|  |TAMS 0x00000000e5600000| PB 0x00000000e5600000| Untracked |  0
|  87|0x00000000e5700000, 0x00000000e5700000, 0x00000000e5800000|  0%| F|  |TAMS 0x00000000e5700000| PB 0x00000000e5700000| Untracked |  0
|  88|0x00000000e5800000, 0x00000000e5800000, 0x00000000e5900000|  0%| F|  |TAMS 0x00000000e5800000| PB 0x00000000e5800000| Untracked |  0
|  89|0x00000000e5900000, 0x00000000e5900000, 0x00000000e5a00000|  0%| F|  |TAMS 0x00000000e5900000| PB 0x00000000e5900000| Untracked |  0
|  90|0x00000000e5a00000, 0x00000000e5a00000, 0x00000000e5b00000|  0%| F|  |TAMS 0x00000000e5a00000| PB 0x00000000e5a00000| Untracked |  0
|  91|0x00000000e5b00000, 0x00000000e5b00000, 0x00000000e5c00000|  0%| F|  |TAMS 0x00000000e5b00000| PB 0x00000000e5b00000| Untracked |  0
|  92|0x00000000e5c00000, 0x00000000e5c00000, 0x00000000e5d00000|  0%| F|  |TAMS 0x00000000e5c00000| PB 0x00000000e5c00000| Untracked |  0
|  93|0x00000000e5d00000, 0x00000000e5d00000, 0x00000000e5e00000|  0%| F|  |TAMS 0x00000000e5d00000| PB 0x00000000e5d00000| Untracked |  0
|  94|0x00000000e5e00000, 0x00000000e5e00000, 0x00000000e5f00000|  0%| F|  |TAMS 0x00000000e5e00000| PB 0x00000000e5e00000| Untracked |  0
|  95|0x00000000e5f00000, 0x00000000e5f00000, 0x00000000e6000000|  0%| F|  |TAMS 0x00000000e5f00000| PB 0x00000000e5f00000| Untracked |  0
|  96|0x00000000e6000000, 0x00000000e6000000, 0x00000000e6100000|  0%| F|  |TAMS 0x00000000e6000000| PB 0x00000000e6000000| Untracked |  0
|  97|0x00000000e6100000, 0x00000000e6100000, 0x00000000e6200000|  0%| F|  |TAMS 0x00000000e6100000| PB 0x00000000e6100000| Untracked |  0
|  98|0x00000000e6200000, 0x00000000e6200000, 0x00000000e6300000|  0%| F|  |TAMS 0x00000000e6200000| PB 0x00000000e6200000| Untracked |  0
|  99|0x00000000e6300000, 0x00000000e6300000, 0x00000000e6400000|  0%| F|  |TAMS 0x00000000e6300000| PB 0x00000000e6300000| Untracked |  0
| 100|0x00000000e6400000, 0x00000000e6400000, 0x00000000e6500000|  0%| F|  |TAMS 0x00000000e6400000| PB 0x00000000e6400000| Untracked |  0
| 101|0x00000000e6500000, 0x00000000e6500000, 0x00000000e6600000|  0%| F|  |TAMS 0x00000000e6500000| PB 0x00000000e6500000| Untracked |  0
| 102|0x00000000e6600000, 0x00000000e6600000, 0x00000000e6700000|  0%| F|  |TAMS 0x00000000e6600000| PB 0x00000000e6600000| Untracked |  0
| 103|0x00000000e6700000, 0x00000000e6700000, 0x00000000e6800000|  0%| F|  |TAMS 0x00000000e6700000| PB 0x00000000e6700000| Untracked |  0
| 104|0x00000000e6800000, 0x00000000e6800000, 0x00000000e6900000|  0%| F|  |TAMS 0x00000000e6800000| PB 0x00000000e6800000| Untracked |  0
| 105|0x00000000e6900000, 0x00000000e6900000, 0x00000000e6a00000|  0%| F|  |TAMS 0x00000000e6900000| PB 0x00000000e6900000| Untracked |  0
| 106|0x00000000e6a00000, 0x00000000e6a00000, 0x00000000e6b00000|  0%| F|  |TAMS 0x00000000e6a00000| PB 0x00000000e6a00000| Untracked |  0
| 107|0x00000000e6b00000, 0x00000000e6b00000, 0x00000000e6c00000|  0%| F|  |TAMS 0x00000000e6b00000| PB 0x00000000e6b00000| Untracked |  0
| 108|0x00000000e6c00000, 0x00000000e6c00000, 0x00000000e6d00000|  0%| F|  |TAMS 0x00000000e6c00000| PB 0x00000000e6c00000| Untracked |  0
| 109|0x00000000e6d00000, 0x00000000e6d00000, 0x00000000e6e00000|  0%| F|  |TAMS 0x00000000e6d00000| PB 0x00000000e6d00000| Untracked |  0
| 110|0x00000000e6e00000, 0x00000000e6e00000, 0x00000000e6f00000|  0%| F|  |TAMS 0x00000000e6e00000| PB 0x00000000e6e00000| Untracked |  0
| 111|0x00000000e6f00000, 0x00000000e6f00000, 0x00000000e7000000|  0%| F|  |TAMS 0x00000000e6f00000| PB 0x00000000e6f00000| Untracked |  0
| 112|0x00000000e7000000, 0x00000000e7000000, 0x00000000e7100000|  0%| F|  |TAMS 0x00000000e7000000| PB 0x00000000e7000000| Untracked |  0
| 113|0x00000000e7100000, 0x00000000e7100000, 0x00000000e7200000|  0%| F|  |TAMS 0x00000000e7100000| PB 0x00000000e7100000| Untracked |  0
| 114|0x00000000e7200000, 0x00000000e7200000, 0x00000000e7300000|  0%| F|  |TAMS 0x00000000e7200000| PB 0x00000000e7200000| Untracked |  0
| 115|0x00000000e7300000, 0x00000000e7300000, 0x00000000e7400000|  0%| F|  |TAMS 0x00000000e7300000| PB 0x00000000e7300000| Untracked |  0
| 116|0x00000000e7400000, 0x00000000e7400000, 0x00000000e7500000|  0%| F|  |TAMS 0x00000000e7400000| PB 0x00000000e7400000| Untracked |  0
| 117|0x00000000e7500000, 0x00000000e7500000, 0x00000000e7600000|  0%| F|  |TAMS 0x00000000e7500000| PB 0x00000000e7500000| Untracked |  0
| 118|0x00000000e7600000, 0x00000000e7600000, 0x00000000e7700000|  0%| F|  |TAMS 0x00000000e7600000| PB 0x00000000e7600000| Untracked |  0
| 119|0x00000000e7700000, 0x00000000e7700000, 0x00000000e7800000|  0%| F|  |TAMS 0x00000000e7700000| PB 0x00000000e7700000| Untracked |  0
| 120|0x00000000e7800000, 0x00000000e7800000, 0x00000000e7900000|  0%| F|  |TAMS 0x00000000e7800000| PB 0x00000000e7800000| Untracked |  0
| 121|0x00000000e7900000, 0x00000000e7900000, 0x00000000e7a00000|  0%| F|  |TAMS 0x00000000e7900000| PB 0x00000000e7900000| Untracked |  0
| 122|0x00000000e7a00000, 0x00000000e7a00000, 0x00000000e7b00000|  0%| F|  |TAMS 0x00000000e7a00000| PB 0x00000000e7a00000| Untracked |  0
| 123|0x00000000e7b00000, 0x00000000e7b00000, 0x00000000e7c00000|  0%| F|  |TAMS 0x00000000e7b00000| PB 0x00000000e7b00000| Untracked |  0
| 124|0x00000000e7c00000, 0x00000000e7c00000, 0x00000000e7d00000|  0%| F|  |TAMS 0x00000000e7c00000| PB 0x00000000e7c00000| Untracked |  0
| 125|0x00000000e7d00000, 0x00000000e7ddc7e0, 0x00000000e7e00000| 86%| S|CS|TAMS 0x00000000e7d00000| PB 0x00000000e7d00000| Complete |  0
| 126|0x00000000e7e00000, 0x00000000e7f00000, 0x00000000e7f00000|100%| S|CS|TAMS 0x00000000e7e00000| PB 0x00000000e7e00000| Complete |  0
| 127|0x00000000e7f00000, 0x00000000e8000000, 0x00000000e8000000|100%| S|CS|TAMS 0x00000000e7f00000| PB 0x00000000e7f00000| Complete |  0
| 128|0x00000000e8000000, 0x00000000e8100000, 0x00000000e8100000|100%| S|CS|TAMS 0x00000000e8000000| PB 0x00000000e8000000| Complete |  0
| 129|0x00000000e8100000, 0x00000000e8200000, 0x00000000e8200000|100%| S|CS|TAMS 0x00000000e8100000| PB 0x00000000e8100000| Complete |  0
| 130|0x00000000e8200000, 0x00000000e8300000, 0x00000000e8300000|100%| S|CS|TAMS 0x00000000e8200000| PB 0x00000000e8200000| Complete |  0
| 131|0x00000000e8300000, 0x00000000e8400000, 0x00000000e8400000|100%| S|CS|TAMS 0x00000000e8300000| PB 0x00000000e8300000| Complete |  0
| 132|0x00000000e8400000, 0x00000000e8500000, 0x00000000e8500000|100%| S|CS|TAMS 0x00000000e8400000| PB 0x00000000e8400000| Complete |  0
| 133|0x00000000e8500000, 0x00000000e8600000, 0x00000000e8600000|100%| S|CS|TAMS 0x00000000e8500000| PB 0x00000000e8500000| Complete |  0
| 134|0x00000000e8600000, 0x00000000e8700000, 0x00000000e8700000|100%| S|CS|TAMS 0x00000000e8600000| PB 0x00000000e8600000| Complete |  0
| 135|0x00000000e8700000, 0x00000000e8800000, 0x00000000e8800000|100%| S|CS|TAMS 0x00000000e8700000| PB 0x00000000e8700000| Complete |  0
| 136|0x00000000e8800000, 0x00000000e8900000, 0x00000000e8900000|100%| S|CS|TAMS 0x00000000e8800000| PB 0x00000000e8800000| Complete |  0
| 137|0x00000000e8900000, 0x00000000e8a00000, 0x00000000e8a00000|100%| S|CS|TAMS 0x00000000e8900000| PB 0x00000000e8900000| Complete |  0
| 138|0x00000000e8a00000, 0x00000000e8a00000, 0x00000000e8b00000|  0%| F|  |TAMS 0x00000000e8a00000| PB 0x00000000e8a00000| Untracked |  0
| 139|0x00000000e8b00000, 0x00000000e8b00000, 0x00000000e8c00000|  0%| F|  |TAMS 0x00000000e8b00000| PB 0x00000000e8b00000| Untracked |  0
| 140|0x00000000e8c00000, 0x00000000e8c00000, 0x00000000e8d00000|  0%| F|  |TAMS 0x00000000e8c00000| PB 0x00000000e8c00000| Untracked |  0
| 141|0x00000000e8d00000, 0x00000000e8d00000, 0x00000000e8e00000|  0%| F|  |TAMS 0x00000000e8d00000| PB 0x00000000e8d00000| Untracked |  0
| 142|0x00000000e8e00000, 0x00000000e8e00000, 0x00000000e8f00000|  0%| F|  |TAMS 0x00000000e8e00000| PB 0x00000000e8e00000| Untracked |  0
| 143|0x00000000e8f00000, 0x00000000e8f00000, 0x00000000e9000000|  0%| F|  |TAMS 0x00000000e8f00000| PB 0x00000000e8f00000| Untracked |  0
| 144|0x00000000e9000000, 0x00000000e9000000, 0x00000000e9100000|  0%| F|  |TAMS 0x00000000e9000000| PB 0x00000000e9000000| Untracked |  0
| 145|0x00000000e9100000, 0x00000000e9100000, 0x00000000e9200000|  0%| F|  |TAMS 0x00000000e9100000| PB 0x00000000e9100000| Untracked |  0
| 146|0x00000000e9200000, 0x00000000e9200000, 0x00000000e9300000|  0%| F|  |TAMS 0x00000000e9200000| PB 0x00000000e9200000| Untracked |  0
| 147|0x00000000e9300000, 0x00000000e9300000, 0x00000000e9400000|  0%| F|  |TAMS 0x00000000e9300000| PB 0x00000000e9300000| Untracked |  0
| 148|0x00000000e9400000, 0x00000000e9400000, 0x00000000e9500000|  0%| F|  |TAMS 0x00000000e9400000| PB 0x00000000e9400000| Untracked |  0
| 149|0x00000000e9500000, 0x00000000e9500000, 0x00000000e9600000|  0%| F|  |TAMS 0x00000000e9500000| PB 0x00000000e9500000| Untracked |  0
| 150|0x00000000e9600000, 0x00000000e9600000, 0x00000000e9700000|  0%| F|  |TAMS 0x00000000e9600000| PB 0x00000000e9600000| Untracked |  0
| 151|0x00000000e9700000, 0x00000000e9700000, 0x00000000e9800000|  0%| F|  |TAMS 0x00000000e9700000| PB 0x00000000e9700000| Untracked |  0
| 152|0x00000000e9800000, 0x00000000e9800000, 0x00000000e9900000|  0%| F|  |TAMS 0x00000000e9800000| PB 0x00000000e9800000| Untracked |  0
| 153|0x00000000e9900000, 0x00000000e9900000, 0x00000000e9a00000|  0%| F|  |TAMS 0x00000000e9900000| PB 0x00000000e9900000| Untracked |  0
| 154|0x00000000e9a00000, 0x00000000e9a00000, 0x00000000e9b00000|  0%| F|  |TAMS 0x00000000e9a00000| PB 0x00000000e9a00000| Untracked |  0
| 155|0x00000000e9b00000, 0x00000000e9b00000, 0x00000000e9c00000|  0%| F|  |TAMS 0x00000000e9b00000| PB 0x00000000e9b00000| Untracked |  0
| 156|0x00000000e9c00000, 0x00000000e9c00000, 0x00000000e9d00000|  0%| F|  |TAMS 0x00000000e9c00000| PB 0x00000000e9c00000| Untracked |  0
| 157|0x00000000e9d00000, 0x00000000e9d00000, 0x00000000e9e00000|  0%| F|  |TAMS 0x00000000e9d00000| PB 0x00000000e9d00000| Untracked |  0
| 158|0x00000000e9e00000, 0x00000000e9e00000, 0x00000000e9f00000|  0%| F|  |TAMS 0x00000000e9e00000| PB 0x00000000e9e00000| Untracked |  0
| 159|0x00000000e9f00000, 0x00000000e9f00000, 0x00000000ea000000|  0%| F|  |TAMS 0x00000000e9f00000| PB 0x00000000e9f00000| Untracked |  0
| 160|0x00000000ea000000, 0x00000000ea000000, 0x00000000ea100000|  0%| F|  |TAMS 0x00000000ea000000| PB 0x00000000ea000000| Untracked |  0
| 161|0x00000000ea100000, 0x00000000ea100000, 0x00000000ea200000|  0%| F|  |TAMS 0x00000000ea100000| PB 0x00000000ea100000| Untracked |  0
| 162|0x00000000ea200000, 0x00000000ea200000, 0x00000000ea300000|  0%| F|  |TAMS 0x00000000ea200000| PB 0x00000000ea200000| Untracked |  0
| 163|0x00000000ea300000, 0x00000000ea300000, 0x00000000ea400000|  0%| F|  |TAMS 0x00000000ea300000| PB 0x00000000ea300000| Untracked |  0
| 164|0x00000000ea400000, 0x00000000ea400000, 0x00000000ea500000|  0%| F|  |TAMS 0x00000000ea400000| PB 0x00000000ea400000| Untracked |  0
| 165|0x00000000ea500000, 0x00000000ea500000, 0x00000000ea600000|  0%| F|  |TAMS 0x00000000ea500000| PB 0x00000000ea500000| Untracked |  0
| 166|0x00000000ea600000, 0x00000000ea600000, 0x00000000ea700000|  0%| F|  |TAMS 0x00000000ea600000| PB 0x00000000ea600000| Untracked |  0
| 167|0x00000000ea700000, 0x00000000ea700000, 0x00000000ea800000|  0%| F|  |TAMS 0x00000000ea700000| PB 0x00000000ea700000| Untracked |  0
| 168|0x00000000ea800000, 0x00000000ea800000, 0x00000000ea900000|  0%| F|  |TAMS 0x00000000ea800000| PB 0x00000000ea800000| Untracked |  0
| 169|0x00000000ea900000, 0x00000000ea900000, 0x00000000eaa00000|  0%| F|  |TAMS 0x00000000ea900000| PB 0x00000000ea900000| Untracked |  0
| 170|0x00000000eaa00000, 0x00000000eaa00000, 0x00000000eab00000|  0%| F|  |TAMS 0x00000000eaa00000| PB 0x00000000eaa00000| Untracked |  0
| 171|0x00000000eab00000, 0x00000000eab00000, 0x00000000eac00000|  0%| F|  |TAMS 0x00000000eab00000| PB 0x00000000eab00000| Untracked |  0
| 172|0x00000000eac00000, 0x00000000eac00000, 0x00000000ead00000|  0%| F|  |TAMS 0x00000000eac00000| PB 0x00000000eac00000| Untracked |  0
| 173|0x00000000ead00000, 0x00000000ead00000, 0x00000000eae00000|  0%| F|  |TAMS 0x00000000ead00000| PB 0x00000000ead00000| Untracked |  0
| 174|0x00000000eae00000, 0x00000000eae00000, 0x00000000eaf00000|  0%| F|  |TAMS 0x00000000eae00000| PB 0x00000000eae00000| Untracked |  0
| 175|0x00000000eaf00000, 0x00000000eaf00000, 0x00000000eb000000|  0%| F|  |TAMS 0x00000000eaf00000| PB 0x00000000eaf00000| Untracked |  0
| 176|0x00000000eb000000, 0x00000000eb000000, 0x00000000eb100000|  0%| F|  |TAMS 0x00000000eb000000| PB 0x00000000eb000000| Untracked |  0
| 177|0x00000000eb100000, 0x00000000eb100000, 0x00000000eb200000|  0%| F|  |TAMS 0x00000000eb100000| PB 0x00000000eb100000| Untracked |  0
| 178|0x00000000eb200000, 0x00000000eb200000, 0x00000000eb300000|  0%| F|  |TAMS 0x00000000eb200000| PB 0x00000000eb200000| Untracked |  0
| 179|0x00000000eb300000, 0x00000000eb300000, 0x00000000eb400000|  0%| F|  |TAMS 0x00000000eb300000| PB 0x00000000eb300000| Untracked |  0
| 180|0x00000000eb400000, 0x00000000eb400000, 0x00000000eb500000|  0%| F|  |TAMS 0x00000000eb400000| PB 0x00000000eb400000| Untracked |  0
| 181|0x00000000eb500000, 0x00000000eb500000, 0x00000000eb600000|  0%| F|  |TAMS 0x00000000eb500000| PB 0x00000000eb500000| Untracked |  0
| 182|0x00000000eb600000, 0x00000000eb600000, 0x00000000eb700000|  0%| F|  |TAMS 0x00000000eb600000| PB 0x00000000eb600000| Untracked |  0
| 183|0x00000000eb700000, 0x00000000eb700000, 0x00000000eb800000|  0%| F|  |TAMS 0x00000000eb700000| PB 0x00000000eb700000| Untracked |  0
| 184|0x00000000eb800000, 0x00000000eb800000, 0x00000000eb900000|  0%| F|  |TAMS 0x00000000eb800000| PB 0x00000000eb800000| Untracked |  0
| 185|0x00000000eb900000, 0x00000000eb900000, 0x00000000eba00000|  0%| F|  |TAMS 0x00000000eb900000| PB 0x00000000eb900000| Untracked |  0
| 186|0x00000000eba00000, 0x00000000eba00000, 0x00000000ebb00000|  0%| F|  |TAMS 0x00000000eba00000| PB 0x00000000eba00000| Untracked |  0
| 187|0x00000000ebb00000, 0x00000000ebb00000, 0x00000000ebc00000|  0%| F|  |TAMS 0x00000000ebb00000| PB 0x00000000ebb00000| Untracked |  0
| 188|0x00000000ebc00000, 0x00000000ebc00000, 0x00000000ebd00000|  0%| F|  |TAMS 0x00000000ebc00000| PB 0x00000000ebc00000| Untracked |  0
| 189|0x00000000ebd00000, 0x00000000ebd00000, 0x00000000ebe00000|  0%| F|  |TAMS 0x00000000ebd00000| PB 0x00000000ebd00000| Untracked |  0
| 190|0x00000000ebe00000, 0x00000000ebe00000, 0x00000000ebf00000|  0%| F|  |TAMS 0x00000000ebe00000| PB 0x00000000ebe00000| Untracked |  0
| 191|0x00000000ebf00000, 0x00000000ebf00000, 0x00000000ec000000|  0%| F|  |TAMS 0x00000000ebf00000| PB 0x00000000ebf00000| Untracked |  0
| 192|0x00000000ec000000, 0x00000000ec000000, 0x00000000ec100000|  0%| F|  |TAMS 0x00000000ec000000| PB 0x00000000ec000000| Untracked |  0
| 193|0x00000000ec100000, 0x00000000ec100000, 0x00000000ec200000|  0%| F|  |TAMS 0x00000000ec100000| PB 0x00000000ec100000| Untracked |  0
| 194|0x00000000ec200000, 0x00000000ec200000, 0x00000000ec300000|  0%| F|  |TAMS 0x00000000ec200000| PB 0x00000000ec200000| Untracked |  0
| 195|0x00000000ec300000, 0x00000000ec300000, 0x00000000ec400000|  0%| F|  |TAMS 0x00000000ec300000| PB 0x00000000ec300000| Untracked |  0
| 196|0x00000000ec400000, 0x00000000ec400000, 0x00000000ec500000|  0%| F|  |TAMS 0x00000000ec400000| PB 0x00000000ec400000| Untracked |  0
| 197|0x00000000ec500000, 0x00000000ec500000, 0x00000000ec600000|  0%| F|  |TAMS 0x00000000ec500000| PB 0x00000000ec500000| Untracked |  0
| 198|0x00000000ec600000, 0x00000000ec600000, 0x00000000ec700000|  0%| F|  |TAMS 0x00000000ec600000| PB 0x00000000ec600000| Untracked |  0
| 199|0x00000000ec700000, 0x00000000ec700000, 0x00000000ec800000|  0%| F|  |TAMS 0x00000000ec700000| PB 0x00000000ec700000| Untracked |  0
| 200|0x00000000ec800000, 0x00000000ec800000, 0x00000000ec900000|  0%| F|  |TAMS 0x00000000ec800000| PB 0x00000000ec800000| Untracked |  0
| 201|0x00000000ec900000, 0x00000000ec9a3010, 0x00000000eca00000| 63%| E|  |TAMS 0x00000000ec900000| PB 0x00000000ec900000| Complete |  0
| 202|0x00000000eca00000, 0x00000000ecb00000, 0x00000000ecb00000|100%| E|CS|TAMS 0x00000000eca00000| PB 0x00000000eca00000| Complete |  0
| 203|0x00000000ecb00000, 0x00000000ecc00000, 0x00000000ecc00000|100%| E|CS|TAMS 0x00000000ecb00000| PB 0x00000000ecb00000| Complete |  0
| 204|0x00000000ecc00000, 0x00000000ecd00000, 0x00000000ecd00000|100%| E|  |TAMS 0x00000000ecc00000| PB 0x00000000ecc00000| Complete |  0
| 205|0x00000000ecd00000, 0x00000000ece00000, 0x00000000ece00000|100%| E|CS|TAMS 0x00000000ecd00000| PB 0x00000000ecd00000| Complete |  0
| 206|0x00000000ece00000, 0x00000000ecf00000, 0x00000000ecf00000|100%| E|CS|TAMS 0x00000000ece00000| PB 0x00000000ece00000| Complete |  0
| 207|0x00000000ecf00000, 0x00000000ed000000, 0x00000000ed000000|100%| E|CS|TAMS 0x00000000ecf00000| PB 0x00000000ecf00000| Complete |  0
| 208|0x00000000ed000000, 0x00000000ed100000, 0x00000000ed100000|100%| E|CS|TAMS 0x00000000ed000000| PB 0x00000000ed000000| Complete |  0
| 209|0x00000000ed100000, 0x00000000ed200000, 0x00000000ed200000|100%| E|CS|TAMS 0x00000000ed100000| PB 0x00000000ed100000| Complete |  0
| 210|0x00000000ed200000, 0x00000000ed300000, 0x00000000ed300000|100%| E|CS|TAMS 0x00000000ed200000| PB 0x00000000ed200000| Complete |  0
| 211|0x00000000ed300000, 0x00000000ed400000, 0x00000000ed400000|100%| E|CS|TAMS 0x00000000ed300000| PB 0x00000000ed300000| Complete |  0
| 212|0x00000000ed400000, 0x00000000ed500000, 0x00000000ed500000|100%| E|CS|TAMS 0x00000000ed400000| PB 0x00000000ed400000| Complete |  0
| 213|0x00000000ed500000, 0x00000000ed600000, 0x00000000ed600000|100%| E|CS|TAMS 0x00000000ed500000| PB 0x00000000ed500000| Complete |  0
| 214|0x00000000ed600000, 0x00000000ed700000, 0x00000000ed700000|100%| E|CS|TAMS 0x00000000ed600000| PB 0x00000000ed600000| Complete |  0
| 215|0x00000000ed700000, 0x00000000ed800000, 0x00000000ed800000|100%| E|CS|TAMS 0x00000000ed700000| PB 0x00000000ed700000| Complete |  0
| 216|0x00000000ed800000, 0x00000000ed900000, 0x00000000ed900000|100%| E|CS|TAMS 0x00000000ed800000| PB 0x00000000ed800000| Complete |  0
| 217|0x00000000ed900000, 0x00000000eda00000, 0x00000000eda00000|100%| E|CS|TAMS 0x00000000ed900000| PB 0x00000000ed900000| Complete |  0
| 218|0x00000000eda00000, 0x00000000edb00000, 0x00000000edb00000|100%| E|CS|TAMS 0x00000000eda00000| PB 0x00000000eda00000| Complete |  0
| 219|0x00000000edb00000, 0x00000000edc00000, 0x00000000edc00000|100%| E|CS|TAMS 0x00000000edb00000| PB 0x00000000edb00000| Complete |  0
| 220|0x00000000edc00000, 0x00000000edd00000, 0x00000000edd00000|100%| E|CS|TAMS 0x00000000edc00000| PB 0x00000000edc00000| Complete |  0
| 221|0x00000000edd00000, 0x00000000ede00000, 0x00000000ede00000|100%| E|CS|TAMS 0x00000000edd00000| PB 0x00000000edd00000| Complete |  0
| 222|0x00000000ede00000, 0x00000000edf00000, 0x00000000edf00000|100%| E|CS|TAMS 0x00000000ede00000| PB 0x00000000ede00000| Complete |  0
| 223|0x00000000edf00000, 0x00000000ee000000, 0x00000000ee000000|100%| E|CS|TAMS 0x00000000edf00000| PB 0x00000000edf00000| Complete |  0
| 224|0x00000000ee000000, 0x00000000ee100000, 0x00000000ee100000|100%| E|CS|TAMS 0x00000000ee000000| PB 0x00000000ee000000| Complete |  0
| 225|0x00000000ee100000, 0x00000000ee200000, 0x00000000ee200000|100%| E|CS|TAMS 0x00000000ee100000| PB 0x00000000ee100000| Complete |  0
| 226|0x00000000ee200000, 0x00000000ee300000, 0x00000000ee300000|100%| E|CS|TAMS 0x00000000ee200000| PB 0x00000000ee200000| Complete |  0
| 227|0x00000000ee300000, 0x00000000ee400000, 0x00000000ee400000|100%| E|CS|TAMS 0x00000000ee300000| PB 0x00000000ee300000| Complete |  0
| 228|0x00000000ee400000, 0x00000000ee500000, 0x00000000ee500000|100%| E|CS|TAMS 0x00000000ee400000| PB 0x00000000ee400000| Complete |  0
| 229|0x00000000ee500000, 0x00000000ee600000, 0x00000000ee600000|100%| E|CS|TAMS 0x00000000ee500000| PB 0x00000000ee500000| Complete |  0
| 230|0x00000000ee600000, 0x00000000ee700000, 0x00000000ee700000|100%| E|CS|TAMS 0x00000000ee600000| PB 0x00000000ee600000| Complete |  0
| 231|0x00000000ee700000, 0x00000000ee800000, 0x00000000ee800000|100%| E|CS|TAMS 0x00000000ee700000| PB 0x00000000ee700000| Complete |  0
| 232|0x00000000ee800000, 0x00000000ee900000, 0x00000000ee900000|100%| E|CS|TAMS 0x00000000ee800000| PB 0x00000000ee800000| Complete |  0
| 233|0x00000000ee900000, 0x00000000eea00000, 0x00000000eea00000|100%| E|CS|TAMS 0x00000000ee900000| PB 0x00000000ee900000| Complete |  0
| 234|0x00000000eea00000, 0x00000000eeb00000, 0x00000000eeb00000|100%| E|CS|TAMS 0x00000000eea00000| PB 0x00000000eea00000| Complete |  0
| 235|0x00000000eeb00000, 0x00000000eec00000, 0x00000000eec00000|100%| E|CS|TAMS 0x00000000eeb00000| PB 0x00000000eeb00000| Complete |  0
| 236|0x00000000eec00000, 0x00000000eed00000, 0x00000000eed00000|100%| E|CS|TAMS 0x00000000eec00000| PB 0x00000000eec00000| Complete |  0
| 237|0x00000000eed00000, 0x00000000eee00000, 0x00000000eee00000|100%| E|CS|TAMS 0x00000000eed00000| PB 0x00000000eed00000| Complete |  0
| 238|0x00000000eee00000, 0x00000000eef00000, 0x00000000eef00000|100%| E|CS|TAMS 0x00000000eee00000| PB 0x00000000eee00000| Complete |  0
| 239|0x00000000eef00000, 0x00000000ef000000, 0x00000000ef000000|100%| E|CS|TAMS 0x00000000eef00000| PB 0x00000000eef00000| Complete |  0
| 240|0x00000000ef000000, 0x00000000ef100000, 0x00000000ef100000|100%| E|CS|TAMS 0x00000000ef000000| PB 0x00000000ef000000| Complete |  0
| 241|0x00000000ef100000, 0x00000000ef200000, 0x00000000ef200000|100%| E|CS|TAMS 0x00000000ef100000| PB 0x00000000ef100000| Complete |  0
| 242|0x00000000ef200000, 0x00000000ef300000, 0x00000000ef300000|100%| E|CS|TAMS 0x00000000ef200000| PB 0x00000000ef200000| Complete |  0
| 243|0x00000000ef300000, 0x00000000ef400000, 0x00000000ef400000|100%| E|CS|TAMS 0x00000000ef300000| PB 0x00000000ef300000| Complete |  0
| 244|0x00000000ef400000, 0x00000000ef500000, 0x00000000ef500000|100%| E|CS|TAMS 0x00000000ef400000| PB 0x00000000ef400000| Complete |  0
| 245|0x00000000ef500000, 0x00000000ef600000, 0x00000000ef600000|100%| E|CS|TAMS 0x00000000ef500000| PB 0x00000000ef500000| Complete |  0
| 246|0x00000000ef600000, 0x00000000ef700000, 0x00000000ef700000|100%| E|CS|TAMS 0x00000000ef600000| PB 0x00000000ef600000| Complete |  0
| 247|0x00000000ef700000, 0x00000000ef800000, 0x00000000ef800000|100%| E|CS|TAMS 0x00000000ef700000| PB 0x00000000ef700000| Complete |  0
| 248|0x00000000ef800000, 0x00000000ef900000, 0x00000000ef900000|100%| E|CS|TAMS 0x00000000ef800000| PB 0x00000000ef800000| Complete |  0
| 249|0x00000000ef900000, 0x00000000efa00000, 0x00000000efa00000|100%| E|CS|TAMS 0x00000000ef900000| PB 0x00000000ef900000| Complete |  0
| 250|0x00000000efa00000, 0x00000000efb00000, 0x00000000efb00000|100%| E|CS|TAMS 0x00000000efa00000| PB 0x00000000efa00000| Complete |  0
| 251|0x00000000efb00000, 0x00000000efc00000, 0x00000000efc00000|100%| E|CS|TAMS 0x00000000efb00000| PB 0x00000000efb00000| Complete |  0
| 252|0x00000000efc00000, 0x00000000efd00000, 0x00000000efd00000|100%| E|CS|TAMS 0x00000000efc00000| PB 0x00000000efc00000| Complete |  0
| 253|0x00000000efd00000, 0x00000000efe00000, 0x00000000efe00000|100%| E|CS|TAMS 0x00000000efd00000| PB 0x00000000efd00000| Complete |  0
| 254|0x00000000efe00000, 0x00000000eff00000, 0x00000000eff00000|100%| E|CS|TAMS 0x00000000efe00000| PB 0x00000000efe00000| Complete |  0
| 255|0x00000000eff00000, 0x00000000f0000000, 0x00000000f0000000|100%| E|CS|TAMS 0x00000000eff00000| PB 0x00000000eff00000| Complete |  0

Card table byte_map: [0x000002a9f8b00000,0x000002a9f8c00000] _byte_map_base: 0x000002a9f8400000

Marking Bits: (CMBitMap*) 0x000002a9efe72aa0
 Bits: [0x000002a9f8c00000, 0x000002a9f9400000)

Polling page: 0x000002a9edd70000

Metaspace:

Usage:
  Non-class:     24.23 MB used.
      Class:      4.23 MB used.
       Both:     28.46 MB used.

Virtual space:
  Non-class space:       64.00 MB reserved,      24.75 MB ( 39%) committed,  1 nodes.
      Class space:      320.00 MB reserved,       4.62 MB (  1%) committed,  1 nodes.
             Both:      384.00 MB reserved,      29.38 MB (  8%) committed. 

Chunk freelists:
   Non-Class:  6.72 MB
       Class:  11.27 MB
        Both:  17.98 MB

MaxMetaspaceSize: 384.00 MB
CompressedClassSpaceSize: 320.00 MB
Initial GC threshold: 21.00 MB
Current GC threshold: 35.12 MB
CDS: on
 - commit_granule_bytes: 65536.
 - commit_granule_words: 8192.
 - virtual_space_node_default_size: 8388608.
 - enlarge_chunks_in_place: 1.
 - use_allocation_guard: 0.


Internal statistics:

num_allocs_failed_limit: 3.
num_arena_births: 1520.
num_arena_deaths: 0.
num_vsnodes_births: 2.
num_vsnodes_deaths: 0.
num_space_committed: 470.
num_space_uncommitted: 0.
num_chunks_returned_to_freelist: 3.
num_chunks_taken_from_freelist: 2690.
num_chunk_merges: 3.
num_chunk_splits: 1764.
num_chunks_enlarged: 1172.
num_inconsistent_stats: 0.

CodeHeap 'non-profiled nmethods': size=119168Kb used=1979Kb max_used=1979Kb free=117188Kb
 bounds [0x000002a987ba0000, 0x000002a987e10000, 0x000002a98f000000]
CodeHeap 'profiled nmethods': size=119104Kb used=7823Kb max_used=7823Kb free=111280Kb
 bounds [0x000002a980000000, 0x000002a9807b0000, 0x000002a987450000]
CodeHeap 'non-nmethods': size=7488Kb used=3226Kb max_used=3266Kb free=4261Kb
 bounds [0x000002a987450000, 0x000002a987790000, 0x000002a987ba0000]
 total_blobs=4459 nmethods=3855 adapters=505
 compilation: enabled
              stopped_count=0, restarted_count=0
 full_count=0

Compilation events (20 events):
Event: 4.195 Thread 0x000002a9a94bbc60 nmethod 3781 0x000002a980789a90 code [0x000002a980789c40, 0x000002a980789e88]
Event: 4.195 Thread 0x000002a9fc3de360 nmethod 3780 0x000002a980789f90 code [0x000002a98078a160, 0x000002a98078a550]
Event: 4.195 Thread 0x000002a9fc3a9e40 3786       3       org.codehaus.groovy.vmplugin.v9.Java9::isOpen (21 bytes)
Event: 4.195 Thread 0x000002a9a414feb0 3787       3       org.codehaus.groovy.vmplugin.v9.Java9$$Lambda/0x000002a9904ab0a8::<init> (10 bytes)
Event: 4.195 Thread 0x000002a9a94bbc60 3788       3       org.codehaus.groovy.vmplugin.v9.Java9::isExported (21 bytes)
Event: 4.195 Thread 0x000002a9fc3de360 3789       3       org.codehaus.groovy.vmplugin.v9.Java9$$Lambda/0x000002a9904ab2f8::<init> (10 bytes)
Event: 4.195 Thread 0x000002a9a414feb0 nmethod 3787 0x000002a98078a690 code [0x000002a98078a820, 0x000002a98078a9d8]
Event: 4.195 Thread 0x000002a9fc3de360 nmethod 3789 0x000002a98078aa90 code [0x000002a98078ac20, 0x000002a98078add8]
Event: 4.195 Thread 0x000002a9a414feb0 3790       1       java.lang.module.ModuleDescriptor$Opens::source (5 bytes)
Event: 4.196 Thread 0x000002a9a414feb0 nmethod 3790 0x000002a987d88110 code [0x000002a987d882a0, 0x000002a987d88368]
Event: 4.196 Thread 0x000002a9a94bbc60 nmethod 3788 0x000002a98078ae90 code [0x000002a98078b0e0, 0x000002a98078ba68]
Event: 4.196 Thread 0x000002a9fc3a9e40 nmethod 3786 0x000002a98078bd90 code [0x000002a98078bfe0, 0x000002a98078c968]
Event: 4.199 Thread 0x000002a9a94ba120 nmethod 3765 0x000002a987d88410 code [0x000002a987d885e0, 0x000002a987d88b40]
Event: 4.199 Thread 0x000002a9a94ba120 3791       4       java.util.stream.Sink::end (1 bytes)
Event: 4.199 Thread 0x000002a9a94ba120 nmethod 3791 0x000002a987d88f90 code [0x000002a987d89100, 0x000002a987d89188]
Event: 4.199 Thread 0x000002a9a94ba120 3792       4       java.util.stream.Sink::begin (1 bytes)
Event: 4.200 Thread 0x000002a9a94ba120 nmethod 3792 0x000002a987d89290 code [0x000002a987d89400, 0x000002a987d89488]
Event: 4.200 Thread 0x000002a9a94ba120 3793       4       java.util.stream.MatchOps$MatchOp::getOpFlags (8 bytes)
Event: 4.200 Thread 0x000002a9a94ba120 nmethod 3793 0x000002a987d89590 code [0x000002a987d89700, 0x000002a987d89790]
Event: 4.200 Thread 0x000002a9a94ba120 3782       4       java.util.Spliterators$IteratorSpliterator::tryAdvance (77 bytes)

GC Heap History (6 events):
Event: 0.404 GC heap before
{Heap before GC invocations=0 (full 0):
 garbage-first heap   total reserved 524288K, committed 262144K, used 26624K [0x00000000e0000000, 0x0000000100000000)
  region size 1024K, 24 young (24576K), 0 survivors (0K)
 Metaspace       used 1873K, committed 2112K, reserved 393216K
  class space    used 182K, committed 320K, reserved 327680K
}
Event: 0.408 GC heap after
{Heap after GC invocations=1 (full 0):
 garbage-first heap   total reserved 524288K, committed 262144K, used 9662K [0x00000000e0000000, 0x0000000100000000)
  region size 1024K, 3 young (3072K), 3 survivors (3072K)
 Metaspace       used 1873K, committed 2112K, reserved 393216K
  class space    used 182K, committed 320K, reserved 327680K
}
Event: 0.817 GC heap before
{Heap before GC invocations=1 (full 0):
 garbage-first heap   total reserved 524288K, committed 262144K, used 40382K [0x00000000e0000000, 0x0000000100000000)
  region size 1024K, 34 young (34816K), 3 survivors (3072K)
 Metaspace       used 4388K, committed 4608K, reserved 393216K
  class space    used 545K, committed 640K, reserved 327680K
}
Event: 0.820 GC heap after
{Heap after GC invocations=2 (full 0):
 garbage-first heap   total reserved 524288K, committed 262144K, used 11645K [0x00000000e0000000, 0x0000000100000000)
  region size 1024K, 2 young (2048K), 2 survivors (2048K)
 Metaspace       used 4388K, committed 4608K, reserved 393216K
  class space    used 545K, committed 640K, reserved 327680K
}
Event: 2.842 GC heap before
{Heap before GC invocations=2 (full 0):
 garbage-first heap   total reserved 524288K, committed 262144K, used 130429K [0x00000000e0000000, 0x0000000100000000)
  region size 1024K, 118 young (120832K), 2 survivors (2048K)
 Metaspace       used 20831K, committed 21504K, reserved 393216K
  class space    used 3085K, committed 3392K, reserved 327680K
}
Event: 2.851 GC heap after
{Heap after GC invocations=3 (full 0):
 garbage-first heap   total reserved 524288K, committed 262144K, used 24164K [0x00000000e0000000, 0x0000000100000000)
  region size 1024K, 13 young (13312K), 13 survivors (13312K)
 Metaspace       used 20831K, committed 21504K, reserved 393216K
  class space    used 3085K, committed 3392K, reserved 327680K
}

Dll operation events (16 events):
Event: 0.008 Loaded shared library C:\Users\HP\.jdks\openjdk-22.0.2\bin\java.dll
Event: 0.032 Loaded shared library C:\Users\HP\.jdks\openjdk-22.0.2\bin\jsvml.dll
Event: 0.065 Loaded shared library C:\Users\HP\.jdks\openjdk-22.0.2\bin\zip.dll
Event: 0.069 Loaded shared library C:\Users\HP\.jdks\openjdk-22.0.2\bin\instrument.dll
Event: 0.071 Loaded shared library C:\Users\HP\.jdks\openjdk-22.0.2\bin\net.dll
Event: 0.073 Loaded shared library C:\Users\HP\.jdks\openjdk-22.0.2\bin\nio.dll
Event: 0.075 Loaded shared library C:\Users\HP\.jdks\openjdk-22.0.2\bin\zip.dll
Event: 0.236 Loaded shared library C:\Users\HP\.jdks\openjdk-22.0.2\bin\jimage.dll
Event: 0.341 Loaded shared library C:\Users\HP\.jdks\openjdk-22.0.2\bin\verify.dll
Event: 0.451 Loaded shared library C:\Users\HP\.gradle\native\1def1411415f61bf3af743bc5b6707747c0891f09f0c88961ee8f79bc544acac\windows-amd64\native-platform.dll
Event: 0.460 Loaded shared library C:\Users\HP\.gradle\native\0.2.5\x86_64-windows-gnu\gradle-fileevents.dll
Event: 1.173 Loaded shared library C:\Users\HP\.jdks\openjdk-22.0.2\bin\management.dll
Event: 1.175 Loaded shared library C:\Users\HP\.jdks\openjdk-22.0.2\bin\management_ext.dll
Event: 1.337 Loaded shared library C:\Users\HP\.jdks\openjdk-22.0.2\bin\extnet.dll
Event: 1.562 Loaded shared library C:\Users\HP\.jdks\openjdk-22.0.2\bin\sunmscapi.dll
Event: 2.120 Loaded shared library C:\Users\HP\AppData\Local\Temp\native-platform929191164560412898dir\gradle-fileevents.dll

Deoptimization events (20 events):
Event: 4.102 Thread 0x000002a9aa31a570 Uncommon trap: trap_request=0xffffffde fr.pc=0x000002a987c95030 relative=0x0000000000000ad0
Event: 4.102 Thread 0x000002a9aa31a570 Uncommon trap: reason=class_check action=maybe_recompile pc=0x000002a987c95030 method=java.io.BufferedInputStream.implRead([BII)I @ 100 c2
Event: 4.102 Thread 0x000002a9aa31a570 DEOPT PACKING pc=0x000002a987c95030 sp=0x000000dc494f85b0
Event: 4.102 Thread 0x000002a9aa31a570 DEOPT UNPACKING pc=0x000002a9874a46a2 sp=0x000000dc494f8578 mode 2
Event: 4.141 Thread 0x000002a9aa31a570 Uncommon trap: trap_request=0xffffff45 fr.pc=0x000002a987cb66dc relative=0x000000000000063c
Event: 4.141 Thread 0x000002a9aa31a570 Uncommon trap: reason=unstable_if action=reinterpret pc=0x000002a987cb66dc method=jdk.internal.org.objectweb.asm.MethodWriter.visitVarInsn(II)V @ 108 c2
Event: 4.141 Thread 0x000002a9aa31a570 DEOPT PACKING pc=0x000002a987cb66dc sp=0x000000dc494f0580
Event: 4.141 Thread 0x000002a9aa31a570 DEOPT UNPACKING pc=0x000002a9874a46a2 sp=0x000000dc494f0548 mode 2
Event: 4.142 Thread 0x000002a9aa31a570 Uncommon trap: trap_request=0xffffff45 fr.pc=0x000002a987d4d9a0 relative=0x0000000000000480
Event: 4.142 Thread 0x000002a9aa31a570 Uncommon trap: reason=unstable_if action=reinterpret pc=0x000002a987d4d9a0 method=jdk.internal.org.objectweb.asm.MethodWriter.visitMethodInsn(ILjava/lang/String;Ljava/lang/String;Ljava/lang/String;Z)V @ 81 c2
Event: 4.142 Thread 0x000002a9aa31a570 DEOPT PACKING pc=0x000002a987d4d9a0 sp=0x000000dc494f0570
Event: 4.142 Thread 0x000002a9aa31a570 DEOPT UNPACKING pc=0x000002a9874a46a2 sp=0x000000dc494f0510 mode 2
Event: 4.142 Thread 0x000002a9aa31a570 Uncommon trap: trap_request=0xffffff45 fr.pc=0x000002a987d53978 relative=0x0000000000000958
Event: 4.142 Thread 0x000002a9aa31a570 Uncommon trap: reason=unstable_if action=reinterpret pc=0x000002a987d53978 method=jdk.internal.org.objectweb.asm.MethodWriter.visitInsn(I)V @ 24 c2
Event: 4.142 Thread 0x000002a9aa31a570 DEOPT PACKING pc=0x000002a987d53978 sp=0x000000dc494f0560
Event: 4.142 Thread 0x000002a9aa31a570 DEOPT UNPACKING pc=0x000002a9874a46a2 sp=0x000000dc494f0548 mode 2
Event: 4.145 Thread 0x000002a9aa31a570 Uncommon trap: trap_request=0xffffff45 fr.pc=0x000002a987cf49f0 relative=0x0000000000001330
Event: 4.145 Thread 0x000002a9aa31a570 Uncommon trap: reason=unstable_if action=reinterpret pc=0x000002a987cf49f0 method=java.lang.invoke.LambdaForm.useCount(Ljava/lang/invoke/LambdaForm$Name;)I @ 8 c2
Event: 4.145 Thread 0x000002a9aa31a570 DEOPT PACKING pc=0x000002a987cf49f0 sp=0x000000dc494f5e20
Event: 4.145 Thread 0x000002a9aa31a570 DEOPT UNPACKING pc=0x000002a9874a46a2 sp=0x000000dc494f5c80 mode 2

Classes loaded (20 events):
Event: 4.087 Loading class java/util/EventListener
Event: 4.087 Loading class java/util/EventListener done
Event: 4.093 Loading class java/util/BitSet
Event: 4.093 Loading class java/util/BitSet done
Event: 4.098 Loading class java/util/TimerTask
Event: 4.098 Loading class java/util/TimerTask done
Event: 4.098 Loading class java/util/Timer
Event: 4.098 Loading class java/util/Timer done
Event: 4.128 Loading class java/security/AccessControlException
Event: 4.128 Loading class java/security/AccessControlException done
Event: 4.147 Loading class java/util/LinkedList$ListItr
Event: 4.147 Loading class java/util/LinkedList$ListItr done
Event: 4.169 Loading class java/lang/reflect/GenericSignatureFormatError
Event: 4.169 Loading class java/lang/ClassFormatError
Event: 4.169 Loading class java/lang/ClassFormatError done
Event: 4.169 Loading class java/lang/reflect/GenericSignatureFormatError done
Event: 4.169 Loading class java/lang/reflect/MalformedParameterizedTypeException
Event: 4.169 Loading class java/lang/reflect/MalformedParameterizedTypeException done
Event: 4.179 Loading class java/lang/IllegalCallerException
Event: 4.179 Loading class java/lang/IllegalCallerException done

Classes unloaded (0 events):
No events

Classes redefined (0 events):
No events

Internal exceptions (20 events):
Event: 3.808 Thread 0x000002a9aa31a570 Exception <a 'java/lang/NoSuchMethodError'{0x00000000edede4d0}: 'java.lang.Object java.lang.invoke.DirectMethodHandle$Holder.newInvokeSpecial(java.lang.Object, java.lang.Object, long)'> (0x00000000edede4d0) 
thrown [s\open\src\hotspot\share\interpreter\linkResolver.cpp, line 774]
Event: 3.808 Thread 0x000002a9aa31a570 Exception <a 'java/lang/NoSuchMethodError'{0x00000000edee2898}: 'java.lang.Object java.lang.invoke.Invokers$Holder.linkToTargetMethod(java.lang.Object, long, java.lang.Object)'> (0x00000000edee2898) 
thrown [s\open\src\hotspot\share\interpreter\linkResolver.cpp, line 774]
Event: 3.856 Thread 0x000002a9aa31a570 Exception <a 'java/lang/NoSuchMethodError'{0x00000000edb29008}: 'int java.lang.invoke.DirectMethodHandle$Holder.invokeInterface(java.lang.Object, java.lang.Object)'> (0x00000000edb29008) 
thrown [s\open\src\hotspot\share\interpreter\linkResolver.cpp, line 774]
Event: 3.867 Thread 0x000002a9aa31a570 Exception <a 'java/lang/NoSuchMethodError'{0x00000000edbaf6c0}: 'java.lang.Object java.lang.invoke.DirectMethodHandle$Holder.invokeVirtual(java.lang.Object, java.lang.Object, int)'> (0x00000000edbaf6c0) 
thrown [s\open\src\hotspot\share\interpreter\linkResolver.cpp, line 774]
Event: 3.888 Thread 0x000002a9aa31a570 Exception <a 'java/lang/NoSuchMethodError'{0x00000000eda5eff8}: 'java.lang.Object java.lang.invoke.DirectMethodHandle$Holder.invokeStatic(java.lang.Object, java.lang.Object, int, java.lang.Object)'> (0x00000000eda5eff8) 
thrown [s\open\src\hotspot\share\interpreter\linkResolver.cpp, line 774]
Event: 3.888 Thread 0x000002a9aa31a570 Exception <a 'java/lang/NoSuchMethodError'{0x00000000eda66400}: 'java.lang.Object java.lang.invoke.DirectMethodHandle$Holder.newInvokeSpecial(java.lang.Object, java.lang.Object, int, java.lang.Object)'> (0x00000000eda66400) 
thrown [s\open\src\hotspot\share\interpreter\linkResolver.cpp, line 774]
Event: 3.888 Thread 0x000002a9aa31a570 Exception <a 'java/lang/NoSuchMethodError'{0x00000000eda6aba8}: 'java.lang.Object java.lang.invoke.DirectMethodHandle$Holder.invokeSpecial(java.lang.Object, java.lang.Object, java.lang.Object, int, java.lang.Object)'> (0x00000000eda6aba8) 
thrown [s\open\src\hotspot\share\interpreter\linkResolver.cpp, line 774]
Event: 3.975 Thread 0x000002a9aa31a570 Exception <a 'java/lang/NoSuchMethodError'{0x00000000ed734b50}: 'void java.lang.invoke.DirectMethodHandle$Holder.invokeInterface(java.lang.Object, java.lang.Object, java.lang.Object, java.lang.Object, java.lang.Object, java.lang.Object, java.lang.Object)'> (0x00000000ed734b50) 
thrown [s\open\src\hotspot\share\interpreter\linkResolver.cpp, line 774]
Event: 3.975 Thread 0x000002a9aa31a570 Exception <a 'java/lang/NoSuchMethodError'{0x00000000ed7394b8}: 'void java.lang.invoke.DelegatingMethodHandle$Holder.reinvoke_L(java.lang.Object, java.lang.Object, java.lang.Object, java.lang.Object, java.lang.Object, java.lang.Object, java.lang.Object)'> (0x00000000ed7394b8) 
thrown [s\open\src\hotspot\share\interpreter\linkResolver.cpp, line 774]
Event: 4.022 Thread 0x000002a9aa31a570 Exception <a 'java/lang/NoSuchMethodError'{0x00000000ed6ef790}: 'java.lang.Object java.lang.invoke.DirectMethodHandle$Holder.invokeStaticInit(java.lang.Object, java.lang.Object, java.lang.Object, java.lang.Object, java.lang.Object, java.lang.Object, java.lang.Object)'> (0x00000000ed6ef790) 
thrown [s\open\src\hotspot\share\interpreter\linkResolver.cpp, line 774]
Event: 4.025 Thread 0x000002a9aa31a570 Exception <a 'java/lang/NoSuchMethodError'{0x00000000ed514cc8}: 'java.lang.Object java.lang.invoke.DirectMethodHandle$Holder.invokeSpecial(java.lang.Object, java.lang.Object, java.lang.Object, int, java.lang.Object, java.lang.Object)'> (0x00000000ed514cc8) 
thrown [s\open\src\hotspot\share\interpreter\linkResolver.cpp, line 774]
Event: 4.141 Thread 0x000002a9aa31a570 Implicit null exception at 0x000002a987cb61b4 to 0x000002a987cb66d0
Event: 4.142 Thread 0x000002a9aa31a570 Implicit null exception at 0x000002a987d4d618 to 0x000002a987d4d994
Event: 4.142 Thread 0x000002a9aa31a570 Implicit null exception at 0x000002a987d530ac to 0x000002a987d53968
Event: 4.142 Thread 0x000002a9aa31a570 Exception <a 'java/lang/NoSuchMethodError'{0x00000000ed03ecb0}: 'java.lang.reflect.Method[] java.lang.Class.getDeclaredMethods(java.lang.Class)'> (0x00000000ed03ecb0) 
thrown [s\open\src\hotspot\share\interpreter\linkResolver.cpp, line 774]
Event: 4.161 Thread 0x000002a9aa31a570 Exception <a 'java/lang/NoSuchMethodError'{0x00000000ecf02e20}: 'java.lang.Object java.lang.invoke.DirectMethodHandle$Holder.invokeStaticInit(java.lang.Object, java.lang.Object, java.lang.Object)'> (0x00000000ecf02e20) 
thrown [s\open\src\hotspot\share\interpreter\linkResolver.cpp, line 774]
Event: 4.184 Thread 0x000002a9aa31a570 Exception <a 'java/lang/NoSuchMethodError'{0x00000000ece17700}: 'void java.lang.invoke.DirectMethodHandle$Holder.invokeStaticInit(java.lang.Object, java.lang.Object, java.lang.Object)'> (0x00000000ece17700) 
thrown [s\open\src\hotspot\share\interpreter\linkResolver.cpp, line 774]
Event: 4.185 Thread 0x000002a9aa31a570 Exception <a 'java/lang/NoSuchMethodError'{0x00000000ece1e218}: 'void java.lang.invoke.DirectMethodHandle$Holder.invokeStaticInit(java.lang.Object, java.lang.Object, java.lang.Object, java.lang.Object)'> (0x00000000ece1e218) 
thrown [s\open\src\hotspot\share\interpreter\linkResolver.cpp, line 774]
Event: 4.189 Thread 0x000002a9aa31a570 Exception <a 'java/lang/NoSuchMethodError'{0x00000000ece400c8}: 'void java.lang.invoke.DirectMethodHandle$Holder.invokeStaticInit(java.lang.Object, java.lang.Object, java.lang.Object, java.lang.Object, java.lang.Object)'> (0x00000000ece400c8) 
thrown [s\open\src\hotspot\share\interpreter\linkResolver.cpp, line 774]
Event: 4.200 Thread 0x000002a9aa31a570 Exception <a 'java/lang/NoSuchMethodError'{0x00000000ece98b20}: 'int java.lang.invoke.DirectMethodHandle$Holder.invokeStaticInit(java.lang.Object, java.lang.Object, java.lang.Object, java.lang.Object)'> (0x00000000ece98b20) 
thrown [s\open\src\hotspot\share\interpreter\linkResolver.cpp, line 774]

ZGC Phase Switch (0 events):
No events

VM Operations (20 events):
Event: 2.860 Executing VM operation: G1PauseCleanup
Event: 2.860 Executing VM operation: G1PauseCleanup done
Event: 3.324 Executing VM operation: HandshakeAllThreads (Deoptimize)
Event: 3.324 Executing VM operation: HandshakeAllThreads (Deoptimize) done
Event: 3.325 Executing VM operation: HandshakeAllThreads (Deoptimize)
Event: 3.325 Executing VM operation: HandshakeAllThreads (Deoptimize) done
Event: 3.465 Executing VM operation: HandshakeAllThreads (Deoptimize)
Event: 3.465 Executing VM operation: HandshakeAllThreads (Deoptimize) done
Event: 3.469 Executing VM operation: HandshakeAllThreads (Deoptimize)
Event: 3.469 Executing VM operation: HandshakeAllThreads (Deoptimize) done
Event: 3.809 Executing VM operation: HandshakeAllThreads (Deoptimize)
Event: 3.809 Executing VM operation: HandshakeAllThreads (Deoptimize) done
Event: 3.978 Executing VM operation: HandshakeAllThreads (Deoptimize)
Event: 3.979 Executing VM operation: HandshakeAllThreads (Deoptimize) done
Event: 3.979 Executing VM operation: Cleanup
Event: 3.979 Executing VM operation: Cleanup done
Event: 3.979 Executing VM operation: HandshakeAllThreads (Deoptimize)
Event: 3.979 Executing VM operation: HandshakeAllThreads (Deoptimize) done
Event: 4.128 Executing VM operation: HandshakeAllThreads (Deoptimize)
Event: 4.129 Executing VM operation: HandshakeAllThreads (Deoptimize) done

Memory protections (0 events):
No events

Nmethod flushes (0 events):
No events

Events (20 events):
Event: 1.621 Thread 0x000002a9aa31a570 Thread added: 0x000002a9aa319ee0
Event: 1.814 Thread 0x000002a9a45a2500 Thread exited: 0x000002a9a45a2500
Event: 1.916 Thread 0x000002a9aa31a570 Thread added: 0x000002a9aa5be930
Event: 1.922 Thread 0x000002a9aa31a570 Thread added: 0x000002a9aa5bdc10
Event: 1.947 Thread 0x000002a9aa31a570 Thread added: 0x000002a9aa5be2a0
Event: 1.982 Thread 0x000002a9aa5bdc10 Thread added: 0x000002a9aa5befc0
Event: 2.506 Thread 0x000002a9a42318c0 Thread exited: 0x000002a9a42318c0
Event: 2.520 Thread 0x000002a9a4231200 Thread exited: 0x000002a9a4231200
Event: 2.595 Thread 0x000002a9a94bbc60 Thread added: 0x000002a9a94bc330
Event: 2.931 Thread 0x000002a9aa31a570 Thread added: 0x000002a9aa5ba790
Event: 2.954 Thread 0x000002a9aa31a570 Thread added: 0x000002a9aa5bb4b0
Event: 3.288 Thread 0x000002a9aa31a570 Thread added: 0x000002a9aa5bcef0
Event: 3.296 Thread 0x000002a9aa31a570 Thread added: 0x000002a9aa5bd580
Event: 3.622 Thread 0x000002a9a94bc330 Thread exited: 0x000002a9a94bc330
Event: 3.815 Thread 0x000002a9fc3de360 Thread added: 0x000002a9a94bb590
Event: 3.889 Thread 0x000002a9aa31a570 Thread added: 0x000002a9aa5bf650
Event: 3.962 Thread 0x000002a9aa31a570 Thread added: 0x000002a9aa5bfce0
Event: 4.095 Thread 0x000002a9fc3a9e40 Thread added: 0x000002a9a94ba120
Event: 4.124 Thread 0x000002a9a94ba120 Thread added: 0x000002a9a94bc330
Event: 4.124 Thread 0x000002a9a94ba120 Thread added: 0x000002a9a94b9a50


Dynamic libraries:
0x00007ff6a20d0000 - 0x00007ff6a20de000 	C:\Users\HP\.jdks\openjdk-22.0.2\bin\java.exe
0x00007ff95cbd0000 - 0x00007ff95cde7000 	C:\windows\SYSTEM32\ntdll.dll
0x00007ff95c1e0000 - 0x00007ff95c2a4000 	C:\windows\System32\KERNEL32.DLL
0x00007ff95a1d0000 - 0x00007ff95a5a3000 	C:\windows\System32\KERNELBASE.dll
0x00007ff95a0b0000 - 0x00007ff95a1c1000 	C:\windows\System32\ucrtbase.dll
0x00007ff90c680000 - 0x00007ff90c697000 	C:\Users\HP\.jdks\openjdk-22.0.2\bin\jli.dll
0x00007ff90cb80000 - 0x00007ff90cb9b000 	C:\Users\HP\.jdks\openjdk-22.0.2\bin\VCRUNTIME140.dll
0x00007ff95c7e0000 - 0x00007ff95c991000 	C:\windows\System32\USER32.dll
0x00007ff959e00000 - 0x00007ff959e26000 	C:\windows\System32\win32u.dll
0x00007ff95a9a0000 - 0x00007ff95a9c9000 	C:\windows\System32\GDI32.dll
0x00007ff95a5e0000 - 0x00007ff95a6fb000 	C:\windows\System32\gdi32full.dll
0x00007ff93a190000 - 0x00007ff93a428000 	C:\windows\WinSxS\amd64_microsoft.windows.common-controls_6595b64144ccf1df_6.0.22621.5124_none_270e8f4f7386d69d\COMCTL32.dll
0x00007ff959d60000 - 0x00007ff959dfa000 	C:\windows\System32\msvcp_win.dll
0x00007ff95c2b0000 - 0x00007ff95c357000 	C:\windows\System32\msvcrt.dll
0x00007ff95c9a0000 - 0x00007ff95c9d1000 	C:\windows\System32\IMM32.DLL
0x00007ff93ebb0000 - 0x00007ff93ebbc000 	C:\Users\HP\.jdks\openjdk-22.0.2\bin\vcruntime140_1.dll
0x00007ff8bd8b0000 - 0x00007ff8bd93e000 	C:\Users\HP\.jdks\openjdk-22.0.2\bin\msvcp140.dll
0x00007ff8b85d0000 - 0x00007ff8b9319000 	C:\Users\HP\.jdks\openjdk-22.0.2\bin\server\jvm.dll
0x00007ff95cad0000 - 0x00007ff95cb81000 	C:\windows\System32\ADVAPI32.dll
0x00007ff95bb50000 - 0x00007ff95bbf8000 	C:\windows\System32\sechost.dll
0x00007ff95a5b0000 - 0x00007ff95a5d8000 	C:\windows\System32\bcrypt.dll
0x00007ff95b080000 - 0x00007ff95b194000 	C:\windows\System32\RPCRT4.dll
0x00007ff95c590000 - 0x00007ff95c601000 	C:\windows\System32\WS2_32.dll
0x00007ff959bb0000 - 0x00007ff959bfd000 	C:\windows\SYSTEM32\POWRPROF.dll
0x00007ff952cb0000 - 0x00007ff952ce4000 	C:\windows\SYSTEM32\WINMM.dll
0x00007ff94d460000 - 0x00007ff94d46a000 	C:\windows\SYSTEM32\VERSION.dll
0x00007ff959b90000 - 0x00007ff959ba3000 	C:\windows\SYSTEM32\UMPDC.dll
0x00007ff958d10000 - 0x00007ff958d28000 	C:\windows\SYSTEM32\kernel.appcore.dll
0x00007ff93bf00000 - 0x00007ff93bf0a000 	C:\Users\HP\.jdks\openjdk-22.0.2\bin\jimage.dll
0x00007ff9576b0000 - 0x00007ff9578e2000 	C:\windows\SYSTEM32\DBGHELP.DLL
0x00007ff95bc00000 - 0x00007ff95bf92000 	C:\windows\System32\combase.dll
0x00007ff95afa0000 - 0x00007ff95b077000 	C:\windows\System32\OLEAUT32.dll
0x00007ff93a7a0000 - 0x00007ff93a7d2000 	C:\windows\SYSTEM32\dbgcore.DLL
0x00007ff95a030000 - 0x00007ff95a0ab000 	C:\windows\System32\bcryptPrimitives.dll
0x00007ff93a430000 - 0x00007ff93a43f000 	C:\Users\HP\.jdks\openjdk-22.0.2\bin\instrument.dll
0x00007ff9056e0000 - 0x00007ff9056fe000 	C:\Users\HP\.jdks\openjdk-22.0.2\bin\java.dll
0x00007ff95b2b0000 - 0x00007ff95bb46000 	C:\windows\System32\SHELL32.dll
0x00007ff959e30000 - 0x00007ff959f6f000 	C:\windows\System32\wintypes.dll
0x00007ff95c360000 - 0x00007ff95c501000 	C:\windows\System32\ole32.dll
0x00007ff957bc0000 - 0x00007ff9584da000 	C:\windows\SYSTEM32\windows.storage.dll
0x00007ff95b1a0000 - 0x00007ff95b2aa000 	C:\windows\System32\SHCORE.dll
0x00007ff95c610000 - 0x00007ff95c673000 	C:\windows\System32\shlwapi.dll
0x00007ff959c10000 - 0x00007ff959c3b000 	C:\windows\SYSTEM32\profapi.dll
0x00007ff8bc040000 - 0x00007ff8bc117000 	C:\Users\HP\.jdks\openjdk-22.0.2\bin\jsvml.dll
0x00007ff9052a0000 - 0x00007ff9052b7000 	C:\Users\HP\.jdks\openjdk-22.0.2\bin\zip.dll
0x00007ff932280000 - 0x00007ff932290000 	C:\Users\HP\.jdks\openjdk-22.0.2\bin\net.dll
0x00007ff959190000 - 0x00007ff9591fa000 	C:\windows\system32\mswsock.dll
0x00007ff903e00000 - 0x00007ff903e16000 	C:\Users\HP\.jdks\openjdk-22.0.2\bin\nio.dll
0x00007ff92de60000 - 0x00007ff92de70000 	C:\Users\HP\.jdks\openjdk-22.0.2\bin\verify.dll
0x00007ff90cdb0000 - 0x00007ff90cdd7000 	C:\Users\HP\.gradle\native\1def1411415f61bf3af743bc5b6707747c0891f09f0c88961ee8f79bc544acac\windows-amd64\native-platform.dll
0x0000000061330000 - 0x00000000613a3000 	C:\Users\HP\.gradle\native\0.2.5\x86_64-windows-gnu\gradle-fileevents.dll
0x00007ff92ad20000 - 0x00007ff92ad2a000 	C:\Users\HP\.jdks\openjdk-22.0.2\bin\management.dll
0x00007ff929710000 - 0x00007ff92971b000 	C:\Users\HP\.jdks\openjdk-22.0.2\bin\management_ext.dll
0x00007ff95c530000 - 0x00007ff95c538000 	C:\windows\System32\PSAPI.DLL
0x00007ff9593f0000 - 0x00007ff95940b000 	C:\windows\SYSTEM32\CRYPTSP.dll
0x00007ff958c70000 - 0x00007ff958ca7000 	C:\windows\system32\rsaenh.dll
0x00007ff959280000 - 0x00007ff9592a8000 	C:\windows\SYSTEM32\USERENV.dll
0x00007ff9593e0000 - 0x00007ff9593ec000 	C:\windows\SYSTEM32\CRYPTBASE.dll
0x00007ff958740000 - 0x00007ff95876d000 	C:\windows\SYSTEM32\IPHLPAPI.DLL
0x00007ff95ab00000 - 0x00007ff95ab09000 	C:\windows\System32\NSI.dll
0x00007ff922090000 - 0x00007ff922099000 	C:\Users\HP\.jdks\openjdk-22.0.2\bin\extnet.dll
0x00007ff918d10000 - 0x00007ff918d1e000 	C:\Users\HP\.jdks\openjdk-22.0.2\bin\sunmscapi.dll
0x00007ff95a700000 - 0x00007ff95a867000 	C:\windows\System32\CRYPT32.dll
0x00007ff9595a0000 - 0x00007ff9595cd000 	C:\windows\SYSTEM32\ncrypt.dll
0x00007ff959560000 - 0x00007ff959597000 	C:\windows\SYSTEM32\NTASN1.dll
0x00007ff9259d0000 - 0x00007ff9259d8000 	C:\windows\system32\wshunix.dll
0x0000000060f20000 - 0x0000000060f93000 	C:\Users\HP\AppData\Local\Temp\native-platform929191164560412898dir\gradle-fileevents.dll

dbghelp: loaded successfully - version: 4.0.5 - missing functions: none
symbol engine: initialized successfully - sym options: 0x614 - pdb path: .;C:\Users\HP\.jdks\openjdk-22.0.2\bin;C:\windows\SYSTEM32;C:\windows\WinSxS\amd64_microsoft.windows.common-controls_6595b64144ccf1df_6.0.22621.5124_none_270e8f4f7386d69d;C:\Users\HP\.jdks\openjdk-22.0.2\bin\server;C:\Users\HP\.gradle\native\1def1411415f61bf3af743bc5b6707747c0891f09f0c88961ee8f79bc544acac\windows-amd64;C:\Users\HP\.gradle\native\0.2.5\x86_64-windows-gnu;C:\Users\HP\AppData\Local\Temp\native-platform929191164560412898dir

VM Arguments:
jvm_args: --add-opens=java.base/java.lang=ALL-UNNAMED --add-opens=java.base/java.lang.invoke=ALL-UNNAMED --add-opens=java.base/java.util=ALL-UNNAMED --add-opens=java.prefs/java.util.prefs=ALL-UNNAMED --add-exports=jdk.compiler/com.sun.tools.javac.api=ALL-UNNAMED --add-exports=jdk.compiler/com.sun.tools.javac.util=ALL-UNNAMED --add-opens=java.base/java.util=ALL-UNNAMED --add-opens=java.prefs/java.util.prefs=ALL-UNNAMED --add-opens=java.base/java.nio.charset=ALL-UNNAMED --add-opens=java.base/java.net=ALL-UNNAMED --add-opens=java.base/java.util.concurrent.atomic=ALL-UNNAMED --add-opens=java.xml/javax.xml.namespace=ALL-UNNAMED -XX:MaxMetaspaceSize=384m -XX:+HeapDumpOnOutOfMemoryError -Xms256m -Xmx512m -Dfile.encoding=windows-1252 -Duser.country=US -Duser.language=en -Duser.variant -javaagent:C:\gradle-8.12\lib\agents\gradle-instrumentation-agent-8.12.jar 
java_command: org.gradle.launcher.daemon.bootstrap.GradleDaemon 8.12
java_class_path (initial): C:\gradle-8.12\lib\gradle-daemon-main-8.12.jar
Launcher Type: SUN_STANDARD

[Global flags]
     intx CICompilerCount                          = 12                                        {product} {ergonomic}
   size_t CompressedClassSpaceSize                 = 335544320                                 {product} {ergonomic}
     uint ConcGCThreads                            = 3                                         {product} {ergonomic}
     uint G1ConcRefinementThreads                  = 13                                        {product} {ergonomic}
   size_t G1HeapRegionSize                         = 1048576                                   {product} {ergonomic}
     bool HeapDumpOnOutOfMemoryError               = true                                   {manageable} {command line}
   size_t InitialHeapSize                          = 268435456                                 {product} {command line}
   size_t MarkStackSize                            = 4194304                                   {product} {ergonomic}
   size_t MaxHeapSize                              = 536870912                                 {product} {command line}
   size_t MaxMetaspaceSize                         = 402653184                                 {product} {command line}
   size_t MaxNewSize                               = 321912832                                 {product} {ergonomic}
   size_t MinHeapDeltaBytes                        = 1048576                                   {product} {ergonomic}
   size_t MinHeapSize                              = 268435456                                 {product} {command line}
    uintx NonNMethodCodeHeapSize                   = 7602480                                {pd product} {ergonomic}
    uintx NonProfiledCodeHeapSize                  = 122027880                              {pd product} {ergonomic}
    uintx ProfiledCodeHeapSize                     = 122027880                              {pd product} {ergonomic}
    uintx ReservedCodeCacheSize                    = 251658240                              {pd product} {ergonomic}
     bool SegmentedCodeCache                       = true                                      {product} {ergonomic}
   size_t SoftMaxHeapSize                          = 536870912                              {manageable} {ergonomic}
     bool UseCompressedOops                        = true                           {product lp64_product} {ergonomic}
     bool UseG1GC                                  = true                                      {product} {ergonomic}
     bool UseLargePagesIndividualAllocation        = false                                  {pd product} {ergonomic}

Logging:
Log output configuration:
 #0: stdout all=warning uptime,level,tags foldmultilines=false
 #1: stderr all=off uptime,level,tags foldmultilines=false

Environment Variables:
PATH=C:\Program Files\Common Files\Oracle\Java\javapath;C:\Program Files\Microsoft MPI\Bin\;C:\Program Files (x86)\Common Files\Intel\Shared Files\cpp\bin\Intel64;C:\windows\system32;C:\windows;C:\windows\System32\Wbem;C:\windows\System32\WindowsPowerShell\v1.0\;C:\windows\System32\OpenSSH\;C:\Program Files\HP\HP One Agent;C:\Program Files\MongoDB\Server\6.0\bin;C:\Program Files\MongoDB\Tools\100\bin;D:\Dai_hoc\temp\ffmpeg-2024-11-06-git-4047b887fc-full_build\ffmpeg-2024-11-06-git-4047b887fc-full_build\bin;C:\Program Files\Git\cmd;C:\Program Files\Docker\Docker\resources\bin;C:\Program Files (x86)\Microsoft SQL Server\110\Tools\Binn\ManagementStudio\;C:\Program Files (x86)\Microsoft SQL Server\110\Tools\Binn\;C:\Program Files\Microsoft SQL Server\110\Tools\Binn\;C:\Program Files (x86)\Microsoft SQL Server\110\DTS\Binn\;C:\Program Files\Microsoft SQL Server\110\DTS\Binn\;C:\Program Files (x86)\Microsoft Visual Studio 10.0\Common7\IDE\PrivateAssemblies\;C:\Users\HP\AppData\Local\Programs\Python\Python37\Scripts\;C:\Users\HP\AppData\Local\Programs\Python\Python37\;C:\Program Files (x86)\Common Files\Oracle\Java\java8path;C:\Program Files (x86)\Common Files\Oracle\Java\javapath;C:\Program Files\Microsoft MPI\Bin\;C:\Program Files (x86)\Common Files\Intel\Shared Files\cpp\bin\Intel64;C:\windows\system32;C:\windows;C:\windows\System32\Wbem;C:\windows\System32\WindowsPowerShell\v1.0\;C:\windows\System32\OpenSSH\;C:\Program Files\HP\HP One Agent;C:\Program Files\MongoDB\Server\6.0\bin;C:\Program Files\MongoDB\Tools\100\bin;D:\Dai_hoc\temp\ffmpeg-2024-11-06-git-4047b887fc-full_build\ffmpeg-2024-11-06-git-4047b887fc-full_build\bin;C:\Program Files\Git\cmd;C:\Program Files\Docker\Docker\resources\bin;D:\Dai_hoc\App\python3.8.8\Scripts\;D:\Dai_hoc\App\python3.8.8\;D:\Dai_hoc\App\python\python3.9.13\Scripts\;D:\Dai_hoc\App\python\python3.9.13\;D:\Dai_hoc\App\python\python3.8\Scripts\;D:\Dai_hoc\App\python\python3.8\;D:\Dai_hoc\App\python\python3.10\Scripts\;D:\Dai_hoc\App\python\python3.10\;D:\Dai_hoc\App\python\python3.7\Scripts\;D:\Dai_hoc\App\python\python3.7\;D:\Dai_hoc\App\;C:\Program Files (x86)\Microsoft Visual Studio\2022\BuildTools\VC\Tools\MSVC\14.42.34433\bin\Hostx64\x64;C:\Program Files (x86)\Windows Kits\10\Include\10.0.22621.0\ucrt;C:\Users\HP\AppData\Local\Programs\Microsoft VS Code\bin;D:\Dai_hoc\App\windsurf\Windsurf\bin;D:\Dai_hoc\App\ffmpeg-2025-04-17-git-7684243fbe-essentials_build\ffmpeg-2025-04-17-git-7684243fbe-essentials_build\bin;
USERNAME=HP
OS=Windows_NT
PROCESSOR_IDENTIFIER=Intel64 Family 6 Model 154 Stepping 3, GenuineIntel
TMP=C:\Users\HP\AppData\Local\Temp
TEMP=C:\Users\HP\AppData\Local\Temp




Periodic native trim disabled

---------------  S Y S T E M  ---------------

OS:
 Windows 11 , 64 bit Build 22621 (10.0.22621.5124)
OS uptime: 0 days 12:39 hours
Hyper-V role detected

CPU: total 16 (initial active 16) (8 cores per cpu, 2 threads per core) family 6 model 154 stepping 3 microcode 0x42c, cx8, cmov, fxsr, ht, mmx, 3dnowpref, sse, sse2, sse3, ssse3, sse4.1, sse4.2, popcnt, lzcnt, tsc, tscinvbit, avx, avx2, aes, erms, clmul, bmi1, bmi2, adx, sha, fma, vzeroupper, clflush, clflushopt, clwb, hv, serialize, rdtscp, rdpid, fsrm, f16c, cet_ibt, cet_ss
Processor Information for processor 0
  Max Mhz: 2100, Current Mhz: 2100, Mhz Limit: 2100
Processor Information for processor 1
  Max Mhz: 2100, Current Mhz: 2100, Mhz Limit: 2100
Processor Information for processor 2
  Max Mhz: 2100, Current Mhz: 2100, Mhz Limit: 2100
Processor Information for processor 3
  Max Mhz: 2100, Current Mhz: 2100, Mhz Limit: 2100
Processor Information for processor 4
  Max Mhz: 2100, Current Mhz: 2100, Mhz Limit: 2100
Processor Information for processor 5
  Max Mhz: 2100, Current Mhz: 2100, Mhz Limit: 2100
Processor Information for processor 6
  Max Mhz: 2100, Current Mhz: 2100, Mhz Limit: 2100
Processor Information for processor 7
  Max Mhz: 2100, Current Mhz: 2100, Mhz Limit: 2100
Processor Information for processor 8
  Max Mhz: 2100, Current Mhz: 1500, Mhz Limit: 1491
Processor Information for processor 9
  Max Mhz: 2100, Current Mhz: 1500, Mhz Limit: 1491
Processor Information for processor 10
  Max Mhz: 2100, Current Mhz: 1500, Mhz Limit: 1491
Processor Information for processor 11
  Max Mhz: 2100, Current Mhz: 1500, Mhz Limit: 1491
Processor Information for processor 12
  Max Mhz: 2100, Current Mhz: 1500, Mhz Limit: 1491
Processor Information for processor 13
  Max Mhz: 2100, Current Mhz: 1500, Mhz Limit: 1491
Processor Information for processor 14
  Max Mhz: 2100, Current Mhz: 1500, Mhz Limit: 1491
Processor Information for processor 15
  Max Mhz: 2100, Current Mhz: 1500, Mhz Limit: 1491

Memory: 4k page, system-wide physical 16052M (1486M free)
TotalPageFile size 22013M (AvailPageFile size 2M)
current process WorkingSet (physical memory assigned to process): 308M, peak: 308M
current process commit charge ("private bytes"): 478M, peak: 478M

vm_info: OpenJDK 64-Bit Server VM (22.0.2+9-70) for windows-amd64 JRE (22.0.2+9-70), built on 2024-06-04T16:52:23Z by "mach5one" with MS VC++ 17.6 (VS2022)

END.
